#
# A fatal error has been detected by the Java Runtime Environment:
#
#  SIGSEGV (0xb) at pc=0xb5637df3, pid=3056, tid=2918611776
#
# JRE version: 7.0_21-b02
# Java VM: OpenJDK Client VM (23.7-b01 mixed mode, sharing linux-x86 )
# Problematic frame:
# J  org.netbeans.JarClassLoader$JarURLStreamHandler.parseURL(Ljava/net/URL;Ljava/lang/String;II)V
#
# Failed to write core dump. Core dumps have been disabled. To enable core dumping, try "ulimit -c unlimited" before starting Java again
#
# If you would like to submit a bug report, please include
# instructions on how to reproduce the bug and visit:
#   https://bugs.launchpad.net/ubuntu/+source/openjdk-7/
#

---------------  T H R E A D  ---------------

Current thread (0xb2e32800):  JavaThread "Folder recognizer" daemon [_thread_in_Java, id=3068, stack(0xadd67000,0xadf68000)]

siginfo:si_signo=SIGSEGV: si_errno=0, si_code=128 (), si_addr=0x00000000

Registers:
EAX=0x00000000, EBX=0x00000000, ECX=0x00000001, EDX=0x0000002f
ESP=0xadf66680, EBP=0xadf667f4, ESI=0x00000001, EDI=0x93cfcce0
EIP=0xb5637df3, EFLAGS=0x00210246, CR2=0x00000000

Top of Stack: (sp=0xadf66680)
0xadf66680:   00000000 6177f948 54a22548 547b5d48
0xadf66690:   7bdb9c28 b725623d adf666cc b540345a
0xadf666a0:   b540345a 54a27778 547c4940 adf666ac
0xadf666b0:   93812cd4 adf666fc 94233ef8 00000000
0xadf666c0:   94235228 00000000 54a27740 547c4940
0xadf666d0:   b54f8830 00000000 00000000 00000000
0xadf666e0:   00000000 00000000 00000000 00000000
0xadf666f0:   00000000 00000000 adf667f4 b54f8948 

Instructions: (pc=0xb5637df3)
0xb5637dd3:   00 00 00 89 4c 24 4c 3b 06 ba 38 53 8a 94 c7 04
0xb5637de3:   24 00 00 00 00 8b ce 90 e8 b0 81 e6 ff 83 f8 00
0xb5637df3:   0f 84 32 02 00 00 8b 54 24 48 8b 5a 14 8b 72 08
0xb5637e03:   8b 7a 20 8b 42 28 8b 4a 18 89 4c 24 50 ba 18 17 

Register to memory mapping:

EAX=0x00000000 is an unknown value
EBX=0x00000000 is an unknown value
ECX=0x00000001 is an unknown value
EDX=0x0000002f is an unknown value
ESP=0xadf66680 is pointing into the stack for thread: 0xb2e32800
EBP=0xadf667f4 is pointing into the stack for thread: 0xb2e32800
ESI=0x00000001 is an unknown value
EDI=0x93cfcce0 is an oop
[C 
 - klass: {type array char}
 - length: 1


Stack: [0xadd67000,0xadf68000],  sp=0xadf66680,  free space=2045k
Native frames: (J=compiled Java code, j=interpreted, Vv=VM code, C=native code)
J  org.netbeans.JarClassLoader$JarURLStreamHandler.parseURL(Ljava/net/URL;Ljava/lang/String;II)V
j  java.net.URL.<init>(Ljava/lang/String;)V+3
j  org.netbeans.core.startup.layers.BinaryFS$BFSFile.getInputStream()Ljava/io/InputStream;+20
j  org.openide.filesystems.MultiFileObject.getInputStream()Ljava/io/InputStream;+4
j  org.openide.filesystems.MultiFileObject.getInputStream()Ljava/io/InputStream;+4
j  org.netbeans.modules.openide.filesystems.declmime.DefaultParser.parse(Lorg/openide/filesystems/FileObject;)V+62
j  org.netbeans.modules.openide.filesystems.declmime.DefaultParser.parse()V+20
j  org.netbeans.modules.openide.filesystems.declmime.MIMEResolverImpl$Impl.parseDesc()S+21
j  org.netbeans.modules.openide.filesystems.declmime.MIMEResolverImpl$Impl.init()V+13
j  org.netbeans.modules.openide.filesystems.declmime.MIMEResolverImpl$Impl.access$000(Lorg/netbeans/modules/openide/filesystems/declmime/MIMEResolverImpl$Impl;)V+1
j  org.netbeans.modules.openide.filesystems.declmime.MIMEResolverImpl.getMIMETypes(Lorg/openide/filesystems/MIMEResolver;)[Ljava/lang/String;+4
j  org.openide.filesystems.MIMESupport$CachedFileObject.canResolveMIMETypes(Lorg/openide/filesystems/MIMEResolver;[Ljava/lang/String;)Z+17
j  org.openide.filesystems.MIMESupport$CachedFileObject.resolveMIME([Ljava/lang/String;)Ljava/lang/String;+26
j  org.openide.filesystems.MIMESupport$CachedFileObject.getMIMEType([Ljava/lang/String;)Ljava/lang/String;+11
j  org.openide.filesystems.MIMESupport.findMIMEType(Lorg/openide/filesystems/FileObject;[Ljava/lang/String;)Ljava/lang/String;+85
j  org.openide.filesystems.FileUtil.getMIMEType(Lorg/openide/filesystems/FileObject;[Ljava/lang/String;)Ljava/lang/String;+8
j  org.openide.filesystems.FileObject.getMIMEType([Ljava/lang/String;)Ljava/lang/String;+2
j  org.openide.loaders.ExtensionList.isRegistered(Lorg/openide/filesystems/FileObject;)Z+49
j  org.openide.loaders.UniFileLoader.findPrimaryFile(Lorg/openide/filesystems/FileObject;)Lorg/openide/filesystems/FileObject;+14
j  org.openide.loaders.MultiFileLoader.findPrimaryFileImpl(Lorg/openide/filesystems/FileObject;)Lorg/openide/filesystems/FileObject;+2
j  org.openide.loaders.MultiFileLoader.handleFindDataObject(Lorg/openide/filesystems/FileObject;Lorg/openide/loaders/DataLoader$RecognizedFiles;)Lorg/openide/loaders/DataObject;+2
j  org.openide.loaders.DataObjectPool.handleFindDataObject(Lorg/openide/loaders/DataLoader;Lorg/openide/filesystems/FileObject;Lorg/openide/loaders/DataLoader$RecognizedFiles;)Lorg/openide/loaders/DataObject;+15
j  org.openide.loaders.DataLoader.findDataObject(Lorg/openide/filesystems/FileObject;Lorg/openide/loaders/DataLoader$RecognizedFiles;)Lorg/openide/loaders/DataObject;+3
j  org.openide.loaders.DataLoader.findDataObject(Lorg/openide/filesystems/FileObject;Ljava/util/Set;)Lorg/openide/loaders/DataObject;+26
j  org.openide.loaders.DataLoaderPool.findDataObject(Lorg/openide/filesystems/FileObject;Lorg/openide/loaders/DataLoader$RecognizedFiles;)Lorg/openide/loaders/DataObject;+89
j  org.openide.loaders.FolderList.createBoth(Lorg/openide/loaders/FolderListListener;Z)Ljava/util/List;+182
j  org.openide.loaders.FolderList.getObjects(Lorg/openide/loaders/FolderListListener;)Ljava/util/List;+52
j  org.openide.loaders.FolderList.access$200(Lorg/openide/loaders/FolderList;Lorg/openide/loaders/FolderListListener;)Ljava/util/List;+2
j  org.openide.loaders.FolderList$ListTask.computeResult()V+102
j  org.openide.loaders.FolderList$ListTask.run()V+1
j  org.openide.util.RequestProcessor$Task.run()V+51
j  org.openide.util.RequestProcessor$Processor.run()V+218
v  ~StubRoutines::call_stub
V  [libjvm.so+0x280e3f]  JavaCalls::call_helper(JavaValue*, methodHandle*, JavaCallArguments*, Thread*)+0x57f


---------------  P R O C E S S  ---------------

Java Threads: ( => current thread )
  0xac332400 JavaThread "State Data Manager" daemon [_thread_blocked, id=3075, stack(0xabdfe000,0xabfff000)]
  0xac326800 JavaThread "Framework Active Thread" [_thread_blocked, id=3074, stack(0xabfff000,0xac200000)]
  0xad872c00 JavaThread "AWT-EventQueue-0" [_thread_blocked, id=3073, stack(0xacbfe000,0xacdff000)]
  0xad872000 JavaThread "AWT-Shutdown" [_thread_blocked, id=3072, stack(0xacdff000,0xad000000)]
  0xad84ec00 JavaThread "AWT-XAWT" daemon [_thread_in_native, id=3071, stack(0xad1ff000,0xad400000)]
  0xad83d800 JavaThread "Java2D Disposer" daemon [_thread_blocked, id=3070, stack(0xad5ff000,0xad800000)]
  0xb2e3a000 JavaThread "main" [_thread_blocked, id=3069, stack(0xad9ff000,0xadc00000)]
=>0xb2e32800 JavaThread "Folder recognizer" daemon [_thread_in_Java, id=3068, stack(0xadd67000,0xadf68000)]
  0xb2e2c400 JavaThread "CLI Requests Server" daemon [_thread_in_native, id=3067, stack(0xadf68000,0xae169000)]
  0xb74ee400 JavaThread "Active Reference Queue Daemon" daemon [_thread_blocked, id=3066, stack(0xb31ff000,0xb3400000)]
  0xb748fc00 JavaThread "RequestProcessor queue manager" daemon [_thread_blocked, id=3065, stack(0xb35ff000,0xb3800000)]
  0xb7445000 JavaThread "Service Thread" daemon [_thread_blocked, id=3063, stack(0xb39ff000,0xb3c00000)]
  0xb7443400 JavaThread "C1 CompilerThread0" daemon [_thread_blocked, id=3062, stack(0xb497e000,0xb49ff000)]
  0xb7441800 JavaThread "Signal Dispatcher" daemon [_thread_blocked, id=3061, stack(0xb3fff000,0xb4200000)]
  0xb7433400 JavaThread "Finalizer" daemon [_thread_blocked, id=3060, stack(0xb45ff000,0xb4800000)]
  0xb7431c00 JavaThread "Reference Handler" daemon [_thread_blocked, id=3059, stack(0xb49ff000,0xb4c00000)]
  0xb7408400 JavaThread "main" [_thread_blocked, id=3057, stack(0xb7540000,0xb7741000)]

Other Threads:
  0xb7430400 VMThread [stack: 0xb4d73000,0xb4df4000] [id=3058]
  0xb7447400 WatcherThread [stack: 0xb457e000,0xb45ff000] [id=3064]

VM state:not at safepoint (normal execution)

VM Mutex/Monitor currently owned by a thread: None

Heap
 def new generation   total 9792K, used 5132K [0x54580000, 0x55020000, 0x61620000)
  eden space 8704K,  55% used [0x54580000, 0x54a32980, 0x54e00000)
  from space 1088K,  29% used [0x54e00000, 0x54e50a40, 0x54f10000)
  to   space 1088K,   0% used [0x54f10000, 0x54f10000, 0x55020000)
 tenured generation   total 21888K, used 15839K [0x61620000, 0x62b80000, 0x7b780000)
   the space 21888K,  72% used [0x61620000, 0x62597cf0, 0x62597e00, 0x62b80000)
 compacting perm gen  total 32768K, used 6674K [0x7b780000, 0x7d780000, 0x93780000)
   the space 32768K,  20% used [0x7b780000, 0x7be04870, 0x7be04a00, 0x7d780000)
    ro space 10240K,  60% used [0x93780000, 0x93d928f0, 0x93d92a00, 0x94180000)
    rw space 12288K,  61% used [0x94180000, 0x948e8c88, 0x948e8e00, 0x94d80000)

Card table byte_map: [0xb517b000,0xb5380000] byte_map_base: 0xb4ed8400

Polling page: 0xb775f000

Code Cache  [0xb5400000, 0xb5640000, 0xb7400000)
 total_blobs=1160 nmethods=906 adapters=188 free_code_cache=30491Kb largest_free_block=31214528

Compilation events (10 events):
Event: 1.447 Thread 0xb7443400  910             com.sun.org.apache.xerces.internal.impl.XMLEntityScanner::scanName (384 bytes)
Event: 1.448 Thread 0xb7443400 nmethod 910 0xb5635288 code [0xb5635450, 0xb5635a38]
Event: 1.448 Thread 0xb7443400  911             com.sun.org.apache.xerces.internal.parsers.XML11Configuration::addRecognizedParamsAndSetDefaults (173 bytes)
Event: 1.448 Thread 0xb7443400 nmethod 911 0xb5636208 code [0xb56363d0, 0xb5636784]
Event: 1.448 Thread 0xb7443400  912   !         com.sun.org.apache.xerces.internal.parsers.XML11Configuration::setFeature (155 bytes)
Event: 1.449 Thread 0xb7443400 nmethod 912 0xb5636b88 code [0xb5636d80, 0xb56372e8]
Event: 1.449 Thread 0xb7443400  913             org.netbeans.JarClassLoader$JarURLStreamHandler::parseURL (81 bytes)
Event: 1.449 Thread 0xb7443400 nmethod 913 0xb5637c08 code [0xb5637db0, 0xb563816c]
Event: 1.449 Thread 0xb7443400  914             com.sun.org.apache.xerces.internal.impl.XMLEntityScanner::scanContent (641 bytes)
Event: 1.450 Thread 0xb7443400 nmethod 914 0xb5638648 code [0xb5638810, 0xb5638e50]

GC Heap History (10 events):
Event: 1.068 GC heap before
{Heap before GC invocations=7 (full 0):
 def new generation   total 9792K, used 9580K [0x54580000, 0x55020000, 0x61620000)
  eden space 8704K,  98% used [0x54580000, 0x54de9040, 0x54e00000)
  from space 1088K,  89% used [0x54f10000, 0x550022b0, 0x55020000)
  to   space 1088K,   0% used [0x54e00000, 0x54e00000, 0x54f10000)
 tenured generation   total 21888K, used 10885K [0x61620000, 0x62b80000, 0x7b780000)
   the space 21888K,  49% used [0x61620000, 0x620c1500, 0x620c1600, 0x62b80000)
 compacting perm gen  total 32768K, used 3192K [0x7b780000, 0x7d780000, 0x93780000)
   the space 32768K,   9% used [0x7b780000, 0x7ba9e180, 0x7ba9e200, 0x7d780000)
    ro space 10240K,  60% used [0x93780000, 0x93d928f0, 0x93d92a00, 0x94180000)
    rw space 12288K,  61% used [0x94180000, 0x948e8c88, 0x948e8e00, 0x94d80000)
Event: 1.071 GC heap after
Heap after GC invocations=8 (full 0):
 def new generation   total 9792K, used 367K [0x54580000, 0x55020000, 0x61620000)
  eden space 8704K,   0% used [0x54580000, 0x54580000, 0x54e00000)
  from space 1088K,  33% used [0x54e00000, 0x54e5bcb0, 0x54f10000)
  to   space 1088K,   0% used [0x54f10000, 0x54f10000, 0x55020000)
 tenured generation   total 21888K, used 11849K [0x61620000, 0x62b80000, 0x7b780000)
   the space 21888K,  54% used [0x61620000, 0x621b2620, 0x621b2800, 0x62b80000)
 compacting perm gen  total 32768K, used 3192K [0x7b780000, 0x7d780000, 0x93780000)
   the space 32768K,   9% used [0x7b780000, 0x7ba9e180, 0x7ba9e200, 0x7d780000)
    ro space 10240K,  60% used [0x93780000, 0x93d928f0, 0x93d92a00, 0x94180000)
    rw space 12288K,  61% used [0x94180000, 0x948e8c88, 0x948e8e00, 0x94d80000)
}
Event: 1.121 GC heap before
{Heap before GC invocations=8 (full 0):
 def new generation   total 9792K, used 9071K [0x54580000, 0x55020000, 0x61620000)
  eden space 8704K, 100% used [0x54580000, 0x54e00000, 0x54e00000)
  from space 1088K,  33% used [0x54e00000, 0x54e5bcb0, 0x54f10000)
  to   space 1088K,   0% used [0x54f10000, 0x54f10000, 0x55020000)
 tenured generation   total 21888K, used 11849K [0x61620000, 0x62b80000, 0x7b780000)
   the space 21888K,  54% used [0x61620000, 0x621b2620, 0x621b2800, 0x62b80000)
 compacting perm gen  total 32768K, used 3442K [0x7b780000, 0x7d780000, 0x93780000)
   the space 32768K,  10% used [0x7b780000, 0x7badcbb8, 0x7badcc00, 0x7d780000)
    ro space 10240K,  60% used [0x93780000, 0x93d928f0, 0x93d92a00, 0x94180000)
    rw space 12288K,  61% used [0x94180000, 0x948e8c88, 0x948e8e00, 0x94d80000)
Event: 1.125 GC heap after
Heap after GC invocations=9 (full 0):
 def new generation   total 9792K, used 1088K [0x54580000, 0x55020000, 0x61620000)
  eden space 8704K,   0% used [0x54580000, 0x54580000, 0x54e00000)
  from space 1088K, 100% used [0x54f10000, 0x55020000, 0x55020000)
  to   space 1088K,   0% used [0x54e00000, 0x54e00000, 0x54f10000)
 tenured generation   total 21888K, used 12191K [0x61620000, 0x62b80000, 0x7b780000)
   the space 21888K,  55% used [0x61620000, 0x62207ee8, 0x62208000, 0x62b80000)
 compacting perm gen  total 32768K, used 3442K [0x7b780000, 0x7d780000, 0x93780000)
   the space 32768K,  10% used [0x7b780000, 0x7badcbb8, 0x7badcc00, 0x7d780000)
    ro space 10240K,  60% used [0x93780000, 0x93d928f0, 0x93d92a00, 0x94180000)
    rw space 12288K,  61% used [0x94180000, 0x948e8c88, 0x948e8e00, 0x94d80000)
}
Event: 1.167 GC heap before
{Heap before GC invocations=9 (full 0):
 def new generation   total 9792K, used 9792K [0x54580000, 0x55020000, 0x61620000)
  eden space 8704K, 100% used [0x54580000, 0x54e00000, 0x54e00000)
  from space 1088K, 100% used [0x54f10000, 0x55020000, 0x55020000)
  to   space 1088K,   0% used [0x54e00000, 0x54e00000, 0x54f10000)
 tenured generation   total 21888K, used 12191K [0x61620000, 0x62b80000, 0x7b780000)
   the space 21888K,  55% used [0x61620000, 0x62207ee8, 0x62208000, 0x62b80000)
 compacting perm gen  total 32768K, used 3676K [0x7b780000, 0x7d780000, 0x93780000)
   the space 32768K,  11% used [0x7b780000, 0x7bb17180, 0x7bb17200, 0x7d780000)
    ro space 10240K,  60% used [0x93780000, 0x93d928f0, 0x93d92a00, 0x94180000)
    rw space 12288K,  61% used [0x94180000, 0x948e8c88, 0x948e8e00, 0x94d80000)
Event: 1.173 GC heap after
Heap after GC invocations=10 (full 0):
 def new generation   total 9792K, used 1088K [0x54580000, 0x55020000, 0x61620000)
  eden space 8704K,   0% used [0x54580000, 0x54580000, 0x54e00000)
  from space 1088K, 100% used [0x54e00000, 0x54f10000, 0x54f10000)
  to   space 1088K,   0% used [0x54f10000, 0x54f10000, 0x55020000)
 tenured generation   total 21888K, used 13489K [0x61620000, 0x62b80000, 0x7b780000)
   the space 21888K,  61% used [0x61620000, 0x6234c7d8, 0x6234c800, 0x62b80000)
 compacting perm gen  total 32768K, used 3676K [0x7b780000, 0x7d780000, 0x93780000)
   the space 32768K,  11% used [0x7b780000, 0x7bb17180, 0x7bb17200, 0x7d780000)
    ro space 10240K,  60% used [0x93780000, 0x93d928f0, 0x93d92a00, 0x94180000)
    rw space 12288K,  61% used [0x94180000, 0x948e8c88, 0x948e8e00, 0x94d80000)
}
Event: 1.321 GC heap before
{Heap before GC invocations=10 (full 0):
 def new generation   total 9792K, used 9792K [0x54580000, 0x55020000, 0x61620000)
  eden space 8704K, 100% used [0x54580000, 0x54e00000, 0x54e00000)
  from space 1088K, 100% used [0x54e00000, 0x54f10000, 0x54f10000)
  to   space 1088K,   0% used [0x54f10000, 0x54f10000, 0x55020000)
 tenured generation   total 21888K, used 13489K [0x61620000, 0x62b80000, 0x7b780000)
   the space 21888K,  61% used [0x61620000, 0x6234c7d8, 0x6234c800, 0x62b80000)
 compacting perm gen  total 32768K, used 5279K [0x7b780000, 0x7d780000, 0x93780000)
   the space 32768K,  16% used [0x7b780000, 0x7bca7d18, 0x7bca7e00, 0x7d780000)
    ro space 10240K,  60% used [0x93780000, 0x93d928f0, 0x93d92a00, 0x94180000)
    rw space 12288K,  61% used [0x94180000, 0x948e8c88, 0x948e8e00, 0x94d80000)
Event: 1.328 GC heap after
Heap after GC invocations=11 (full 0):
 def new generation   total 9792K, used 1088K [0x54580000, 0x55020000, 0x61620000)
  eden space 8704K,   0% used [0x54580000, 0x54580000, 0x54e00000)
  from space 1088K, 100% used [0x54f10000, 0x55020000, 0x55020000)
  to   space 1088K,   0% used [0x54e00000, 0x54e00000, 0x54f10000)
 tenured generation   total 21888K, used 14768K [0x61620000, 0x62b80000, 0x7b780000)
   the space 21888K,  67% used [0x61620000, 0x6248c3a0, 0x6248c400, 0x62b80000)
 compacting perm gen  total 32768K, used 5279K [0x7b780000, 0x7d780000, 0x93780000)
   the space 32768K,  16% used [0x7b780000, 0x7bca7d18, 0x7bca7e00, 0x7d780000)
    ro space 10240K,  60% used [0x93780000, 0x93d928f0, 0x93d92a00, 0x94180000)
    rw space 12288K,  61% used [0x94180000, 0x948e8c88, 0x948e8e00, 0x94d80000)
}
Event: 1.358 GC heap before
{Heap before GC invocations=11 (full 0):
 def new generation   total 9792K, used 9792K [0x54580000, 0x55020000, 0x61620000)
  eden space 8704K, 100% used [0x54580000, 0x54e00000, 0x54e00000)
  from space 1088K, 100% used [0x54f10000, 0x55020000, 0x55020000)
  to   space 1088K,   0% used [0x54e00000, 0x54e00000, 0x54f10000)
 tenured generation   total 21888K, used 14768K [0x61620000, 0x62b80000, 0x7b780000)
   the space 21888K,  67% used [0x61620000, 0x6248c3a0, 0x6248c400, 0x62b80000)
 compacting perm gen  total 32768K, used 5391K [0x7b780000, 0x7d780000, 0x93780000)
   the space 32768K,  16% used [0x7b780000, 0x7bcc3eb0, 0x7bcc4000, 0x7d780000)
    ro space 10240K,  60% used [0x93780000, 0x93d928f0, 0x93d92a00, 0x94180000)
    rw space 12288K,  61% used [0x94180000, 0x948e8c88, 0x948e8e00, 0x94d80000)
Event: 1.362 GC heap after
Heap after GC invocations=12 (full 0):
 def new generation   total 9792K, used 322K [0x54580000, 0x55020000, 0x61620000)
  eden space 8704K,   0% used [0x54580000, 0x54580000, 0x54e00000)
  from space 1088K,  29% used [0x54e00000, 0x54e50a40, 0x54f10000)
  to   space 1088K,   0% used [0x54f10000, 0x54f10000, 0x55020000)
 tenured generation   total 21888K, used 15839K [0x61620000, 0x62b80000, 0x7b780000)
   the space 21888K,  72% used [0x61620000, 0x62597cf0, 0x62597e00, 0x62b80000)
 compacting perm gen  total 32768K, used 5391K [0x7b780000, 0x7d780000, 0x93780000)
   the space 32768K,  16% used [0x7b780000, 0x7bcc3eb0, 0x7bcc4000, 0x7d780000)
    ro space 10240K,  60% used [0x93780000, 0x93d928f0, 0x93d92a00, 0x94180000)
    rw space 12288K,  61% used [0x94180000, 0x948e8c88, 0x948e8e00, 0x94d80000)
}

Deoptimization events (0 events):
No events

Internal exceptions (10 events):
Event: 1.393 Thread 0xb2e32800 Threw 0x5479e178 at /build/buildd/openjdk-7-7u21-2.3.9/build/openjdk/hotspot/src/share/vm/prims/jvm.cpp:1166
Event: 1.420 Thread 0xb2e32800 Threw 0x547cb908 at /build/buildd/openjdk-7-7u21-2.3.9/build/openjdk/hotspot/src/share/vm/prims/jvm.cpp:1166
Event: 1.420 Thread 0xb2e32800 Threw 0x547ce410 at /build/buildd/openjdk-7-7u21-2.3.9/build/openjdk/hotspot/src/share/vm/prims/jvm.cpp:1166
Event: 1.422 Thread 0xb2e32800 Threw 0x5480adf0 at /build/buildd/openjdk-7-7u21-2.3.9/build/openjdk/hotspot/src/share/vm/prims/jvm.cpp:1166
Event: 1.422 Thread 0xb2e32800 Threw 0x5480d718 at /build/buildd/openjdk-7-7u21-2.3.9/build/openjdk/hotspot/src/share/vm/prims/jvm.cpp:1166
Event: 1.423 Thread 0xb2e32800 Threw 0x54818828 at /build/buildd/openjdk-7-7u21-2.3.9/build/openjdk/hotspot/src/share/vm/prims/jvm.cpp:1166
Event: 1.423 Thread 0xb2e32800 Threw 0x5481b370 at /build/buildd/openjdk-7-7u21-2.3.9/build/openjdk/hotspot/src/share/vm/prims/jvm.cpp:1166
Event: 1.424 Thread 0xb2e32800 Threw 0x54829b30 at /build/buildd/openjdk-7-7u21-2.3.9/build/openjdk/hotspot/src/share/vm/prims/jvm.cpp:1166
Event: 1.424 Thread 0xb2e32800 Threw 0x5482ca00 at /build/buildd/openjdk-7-7u21-2.3.9/build/openjdk/hotspot/src/share/vm/prims/jvm.cpp:1166
Event: 1.450 Thread 0xb2e32800 Implicit null exception at 0xb5637df3 to 0x00000000

Events (10 events):
Event: 1.430 loading class 0xadc262e8
Event: 1.430 loading class 0xadc262e8 done
Event: 1.430 loading class 0xadc2cbb8
Event: 1.431 loading class 0xadc2cbb8 done
Event: 1.431 loading class 0xadc36b10
Event: 1.431 loading class 0xadc36b10 done
Event: 1.431 loading class 0xadc49120
Event: 1.431 loading class 0xadc49120 done
Event: 1.444 Executing VM operation: Deoptimize
Event: 1.445 Executing VM operation: Deoptimize done


Dynamic libraries:
00110000-0013a000 r-xp 00000000 08:03 2900       /lib/i386-linux-gnu/libm-2.15.so
0013a000-0013b000 r--p 00029000 08:03 2900       /lib/i386-linux-gnu/libm-2.15.so
0013b000-0013c000 rw-p 0002a000 08:03 2900       /lib/i386-linux-gnu/libm-2.15.so
0013c000-0013f000 r-xp 00000000 08:03 145632     /usr/lib/i386-linux-gnu/libgmodule-2.0.so.0.3200.3
0013f000-00140000 r--p 00002000 08:03 145632     /usr/lib/i386-linux-gnu/libgmodule-2.0.so.0.3200.3
00140000-00141000 rw-p 00003000 08:03 145632     /usr/lib/i386-linux-gnu/libgmodule-2.0.so.0.3200.3
00141000-00161000 r-xp 00000000 08:03 2901       /lib/i386-linux-gnu/ld-2.15.so
00161000-00162000 r--p 0001f000 08:03 2901       /lib/i386-linux-gnu/ld-2.15.so
00162000-00163000 rw-p 00020000 08:03 2901       /lib/i386-linux-gnu/ld-2.15.so
00163000-00306000 r-xp 00000000 08:03 988        /lib/i386-linux-gnu/libc-2.15.so
00306000-00308000 r--p 001a3000 08:03 988        /lib/i386-linux-gnu/libc-2.15.so
00308000-00309000 rw-p 001a5000 08:03 988        /lib/i386-linux-gnu/libc-2.15.so
00309000-0030c000 rw-p 00000000 00:00 0 
0030c000-003e4000 r-xp 00000000 08:03 150602     /usr/lib/i386-linux-gnu/libstdc++.so.6.0.16
003e4000-003e5000 ---p 000d8000 08:03 150602     /usr/lib/i386-linux-gnu/libstdc++.so.6.0.16
003e5000-003e9000 r--p 000d8000 08:03 150602     /usr/lib/i386-linux-gnu/libstdc++.so.6.0.16
003e9000-003ea000 rw-p 000dc000 08:03 150602     /usr/lib/i386-linux-gnu/libstdc++.so.6.0.16
003ea000-003f1000 rw-p 00000000 00:00 0 
003f1000-0040d000 r-xp 00000000 08:03 861        /lib/i386-linux-gnu/libgcc_s.so.1
0040d000-0040e000 r--p 0001b000 08:03 861        /lib/i386-linux-gnu/libgcc_s.so.1
0040e000-0040f000 rw-p 0001c000 08:03 861        /lib/i386-linux-gnu/libgcc_s.so.1
0040f000-00416000 r-xp 00000000 08:03 1003       /lib/i386-linux-gnu/librt-2.15.so
00416000-00417000 r--p 00006000 08:03 1003       /lib/i386-linux-gnu/librt-2.15.so
00417000-00418000 rw-p 00007000 08:03 1003       /lib/i386-linux-gnu/librt-2.15.so
00418000-00424000 r-xp 00000000 08:03 146945     /usr/lib/jvm/java-7-openjdk-i386/jre/lib/i386/libverify.so
00424000-00425000 r--p 0000b000 08:03 146945     /usr/lib/jvm/java-7-openjdk-i386/jre/lib/i386/libverify.so
00425000-00426000 rw-p 0000c000 08:03 146945     /usr/lib/jvm/java-7-openjdk-i386/jre/lib/i386/libverify.so
00426000-0044d000 r-xp 00000000 08:03 147084     /usr/lib/jvm/java-7-openjdk-i386/jre/lib/i386/libjava.so
0044d000-0044e000 r--p 00026000 08:03 147084     /usr/lib/jvm/java-7-openjdk-i386/jre/lib/i386/libjava.so
0044e000-0044f000 rw-p 00027000 08:03 147084     /usr/lib/jvm/java-7-openjdk-i386/jre/lib/i386/libjava.so
0044f000-00456000 r-xp 00000000 08:03 993        /lib/i386-linux-gnu/libnss_compat-2.15.so
00456000-00457000 r--p 00006000 08:03 993        /lib/i386-linux-gnu/libnss_compat-2.15.so
00457000-00458000 rw-p 00007000 08:03 993        /lib/i386-linux-gnu/libnss_compat-2.15.so
00458000-0046e000 r-xp 00000000 08:03 2909       /lib/i386-linux-gnu/libnsl-2.15.so
0046e000-0046f000 r--p 00015000 08:03 2909       /lib/i386-linux-gnu/libnsl-2.15.so
0046f000-00470000 rw-p 00016000 08:03 2909       /lib/i386-linux-gnu/libnsl-2.15.so
00470000-00472000 rw-p 00000000 00:00 0 
00472000-0047c000 r-xp 00000000 08:03 1004       /lib/i386-linux-gnu/libnss_nis-2.15.so
0047c000-0047d000 r--p 00009000 08:03 1004       /lib/i386-linux-gnu/libnss_nis-2.15.so
0047d000-0047e000 rw-p 0000a000 08:03 1004       /lib/i386-linux-gnu/libnss_nis-2.15.so
0047e000-00486000 r-xp 00000000 08:03 146845     /usr/lib/jvm/java-7-openjdk-i386/jre/lib/i386/libzip.so
00486000-00487000 r--p 00007000 08:03 146845     /usr/lib/jvm/java-7-openjdk-i386/jre/lib/i386/libzip.so
00487000-00488000 rw-p 00008000 08:03 146845     /usr/lib/jvm/java-7-openjdk-i386/jre/lib/i386/libzip.so
00488000-0049e000 r-xp 00000000 08:03 147011     /usr/lib/jvm/java-7-openjdk-i386/jre/lib/i386/libnet.so
0049e000-0049f000 r--p 00015000 08:03 147011     /usr/lib/jvm/java-7-openjdk-i386/jre/lib/i386/libnet.so
0049f000-004a0000 rw-p 00016000 08:03 147011     /usr/lib/jvm/java-7-openjdk-i386/jre/lib/i386/libnet.so
004a0000-004bd000 r-xp 00000000 08:03 1267       /lib/i386-linux-gnu/libselinux.so.1
004bd000-004be000 r--p 0001c000 08:03 1267       /lib/i386-linux-gnu/libselinux.so.1
004be000-004bf000 rw-p 0001d000 08:03 1267       /lib/i386-linux-gnu/libselinux.so.1
004bf000-004c4000 r-xp 00000000 08:03 150606     /usr/lib/i386-linux-gnu/libffi.so.6.0.0
004c4000-004c5000 r--p 00004000 08:03 150606     /usr/lib/i386-linux-gnu/libffi.so.6.0.0
004c5000-004c6000 rw-p 00005000 08:03 150606     /usr/lib/i386-linux-gnu/libffi.so.6.0.0
004c6000-004c7000 r-xp 00000000 08:03 145595     /usr/lib/i386-linux-gnu/libgthread-2.0.so.0.3200.3
004c7000-004c8000 r--p 00000000 08:03 145595     /usr/lib/i386-linux-gnu/libgthread-2.0.so.0.3200.3
004c8000-004c9000 rw-p 00001000 08:03 145595     /usr/lib/i386-linux-gnu/libgthread-2.0.so.0.3200.3
004ca000-004cb000 r-xp 00000000 00:00 0          [vdso]
004cb000-00518000 r-xp 00000000 08:03 145647     /usr/lib/i386-linux-gnu/libgobject-2.0.so.0.3200.3
00518000-00519000 r--p 0004c000 08:03 145647     /usr/lib/i386-linux-gnu/libgobject-2.0.so.0.3200.3
00519000-0051a000 rw-p 0004d000 08:03 145647     /usr/lib/i386-linux-gnu/libgobject-2.0.so.0.3200.3
0051a000-00522000 r-xp 00000000 08:03 151440     /usr/lib/i386-linux-gnu/libXrender.so.1.3.0
00522000-00523000 r--p 00007000 08:03 151440     /usr/lib/i386-linux-gnu/libXrender.so.1.3.0
00523000-00524000 rw-p 00008000 08:03 151440     /usr/lib/i386-linux-gnu/libXrender.so.1.3.0
00524000-00526000 r-xp 00000000 08:03 152241     /usr/lib/i386-linux-gnu/libXinerama.so.1.0.0
00526000-00527000 r--p 00001000 08:03 152241     /usr/lib/i386-linux-gnu/libXinerama.so.1.0.0
00527000-00528000 rw-p 00002000 08:03 152241     /usr/lib/i386-linux-gnu/libXinerama.so.1.0.0
00529000-0053d000 r-xp 00000000 08:03 1969       /lib/i386-linux-gnu/libz.so.1.2.3.4
0053d000-0053e000 r--p 00013000 08:03 1969       /lib/i386-linux-gnu/libz.so.1.2.3.4
0053e000-0053f000 rw-p 00014000 08:03 1969       /lib/i386-linux-gnu/libz.so.1.2.3.4
0053f000-00552000 r-xp 00000000 08:03 1001       /lib/i386-linux-gnu/libresolv-2.15.so
00552000-00553000 ---p 00013000 08:03 1001       /lib/i386-linux-gnu/libresolv-2.15.so
00553000-00554000 r--p 00013000 08:03 1001       /lib/i386-linux-gnu/libresolv-2.15.so
00554000-00555000 rw-p 00014000 08:03 1001       /lib/i386-linux-gnu/libresolv-2.15.so
00555000-00557000 rw-p 00000000 00:00 0 
00557000-00591000 r-xp 00000000 08:03 510        /lib/i386-linux-gnu/libpcre.so.3.12.1
00591000-00592000 r--p 00039000 08:03 510        /lib/i386-linux-gnu/libpcre.so.3.12.1
00592000-00593000 rw-p 0003a000 08:03 510        /lib/i386-linux-gnu/libpcre.so.3.12.1
00593000-005a4000 r-xp 00000000 08:03 146846     /usr/lib/jvm/java-7-openjdk-i386/jre/lib/i386/libnio.so
005a4000-005a5000 r--p 00010000 08:03 146846     /usr/lib/jvm/java-7-openjdk-i386/jre/lib/i386/libnio.so
005a5000-005a6000 rw-p 00011000 08:03 146846     /usr/lib/jvm/java-7-openjdk-i386/jre/lib/i386/libnio.so
005a6000-005ab000 r-xp 00000000 08:03 139848     /usr/lib/i386-linux-gnu/libXtst.so.6.1.0
005ab000-005ac000 r--p 00004000 08:03 139848     /usr/lib/i386-linux-gnu/libXtst.so.6.1.0
005ac000-005ad000 rw-p 00005000 08:03 139848     /usr/lib/i386-linux-gnu/libXtst.so.6.1.0
005ad000-005b1000 r-xp 00000000 08:03 148759     /usr/lib/i386-linux-gnu/libXfixes.so.3.1.0
005b1000-005b2000 r--p 00004000 08:03 148759     /usr/lib/i386-linux-gnu/libXfixes.so.3.1.0
005b2000-005b3000 rw-p 00005000 08:03 148759     /usr/lib/i386-linux-gnu/libXfixes.so.3.1.0
005b5000-005c0000 r-xp 00000000 08:03 1000       /lib/i386-linux-gnu/libnss_files-2.15.so
005c0000-005c1000 r--p 0000a000 08:03 1000       /lib/i386-linux-gnu/libnss_files-2.15.so
005c1000-005c2000 rw-p 0000b000 08:03 1000       /lib/i386-linux-gnu/libnss_files-2.15.so
005c2000-00614000 r-xp 00000000 08:03 146496     /usr/lib/jvm/java-7-openjdk-i386/jre/lib/i386/xawt/libmawt.so
00614000-00615000 r--p 00051000 08:03 146496     /usr/lib/jvm/java-7-openjdk-i386/jre/lib/i386/xawt/libmawt.so
00615000-00617000 rw-p 00052000 08:03 146496     /usr/lib/jvm/java-7-openjdk-i386/jre/lib/i386/xawt/libmawt.so
00617000-00618000 rw-p 00000000 00:00 0 
00618000-00628000 r-xp 00000000 08:03 140908     /usr/lib/i386-linux-gnu/libXext.so.6.4.0
00628000-00629000 r--p 0000f000 08:03 140908     /usr/lib/i386-linux-gnu/libXext.so.6.4.0
00629000-0062a000 rw-p 00010000 08:03 140908     /usr/lib/i386-linux-gnu/libXext.so.6.4.0
0062a000-00631000 r-xp 00000000 08:03 149325     /usr/lib/i386-linux-gnu/libXrandr.so.2.2.0
00631000-00632000 r--p 00006000 08:03 149325     /usr/lib/i386-linux-gnu/libXrandr.so.2.2.0
00632000-00633000 rw-p 00007000 08:03 149325     /usr/lib/i386-linux-gnu/libXrandr.so.2.2.0
00634000-00641000 r-xp 00000000 08:03 147014     /usr/lib/jvm/java-7-openjdk-i386/jre/lib/i386/jli/libjli.so
00641000-00642000 r--p 0000c000 08:03 147014     /usr/lib/jvm/java-7-openjdk-i386/jre/lib/i386/jli/libjli.so
00642000-00643000 rw-p 0000d000 08:03 147014     /usr/lib/jvm/java-7-openjdk-i386/jre/lib/i386/jli/libjli.so
00643000-00796000 r-xp 00000000 08:03 145617     /usr/lib/i386-linux-gnu/libgio-2.0.so.0.3200.3
00796000-00798000 r--p 00153000 08:03 145617     /usr/lib/i386-linux-gnu/libgio-2.0.so.0.3200.3
00798000-00799000 rw-p 00155000 08:03 145617     /usr/lib/i386-linux-gnu/libgio-2.0.so.0.3200.3
00799000-0079a000 rw-p 00000000 00:00 0 
0079a000-007a8000 r-xp 00000000 08:03 152221     /usr/lib/i386-linux-gnu/libXi.so.6.1.0
007a8000-007a9000 r--p 0000d000 08:03 152221     /usr/lib/i386-linux-gnu/libXi.so.6.1.0
007a9000-007aa000 rw-p 0000e000 08:03 152221     /usr/lib/i386-linux-gnu/libXi.so.6.1.0
007aa000-007c1000 r-xp 00000000 08:03 2898       /lib/i386-linux-gnu/libpthread-2.15.so
007c1000-007c2000 r--p 00016000 08:03 2898       /lib/i386-linux-gnu/libpthread-2.15.so
007c2000-007c3000 rw-p 00017000 08:03 2898       /lib/i386-linux-gnu/libpthread-2.15.so
007c3000-007c5000 rw-p 00000000 00:00 0 
007c5000-008bc000 r-xp 00000000 08:03 859        /lib/i386-linux-gnu/libglib-2.0.so.0.3200.3
008bc000-008bd000 r--p 000f6000 08:03 859        /lib/i386-linux-gnu/libglib-2.0.so.0.3200.3
008bd000-008be000 rw-p 000f7000 08:03 859        /lib/i386-linux-gnu/libglib-2.0.so.0.3200.3
008be000-0094f000 r-xp 00000000 08:03 146916     /usr/lib/jvm/java-7-openjdk-i386/jre/lib/i386/libawt.so
0094f000-00950000 r--p 00090000 08:03 146916     /usr/lib/jvm/java-7-openjdk-i386/jre/lib/i386/libawt.so
00950000-00957000 rw-p 00091000 08:03 146916     /usr/lib/jvm/java-7-openjdk-i386/jre/lib/i386/libawt.so
00957000-0097b000 rw-p 00000000 00:00 0 
0097b000-00986000 r-xp 00000000 08:03 147806     /usr/lib/i386-linux-gnu/libpangocairo-1.0.so.0.3000.0
00986000-00987000 r--p 0000a000 08:03 147806     /usr/lib/i386-linux-gnu/libpangocairo-1.0.so.0.3000.0
00987000-00988000 rw-p 0000b000 08:03 147806     /usr/lib/i386-linux-gnu/libpangocairo-1.0.so.0.3000.0
00988000-00991000 r-xp 00000000 08:03 137795     /usr/lib/i386-linux-gnu/libXcursor.so.1.0.2
00991000-00992000 r--p 00008000 08:03 137795     /usr/lib/i386-linux-gnu/libXcursor.so.1.0.2
00992000-00993000 rw-p 00009000 08:03 137795     /usr/lib/i386-linux-gnu/libXcursor.so.1.0.2
00996000-00999000 r-xp 00000000 08:03 2904       /lib/i386-linux-gnu/libdl-2.15.so
00999000-0099a000 r--p 00002000 08:03 2904       /lib/i386-linux-gnu/libdl-2.15.so
0099a000-0099b000 rw-p 00003000 08:03 2904       /lib/i386-linux-gnu/libdl-2.15.so
0099b000-00f4f000 r-xp 00000000 08:03 147154     /usr/lib/jvm/java-7-openjdk-i386/jre/lib/i386/client/libjvm.so
00f4f000-00f66000 r--p 005b3000 08:03 147154     /usr/lib/jvm/java-7-openjdk-i386/jre/lib/i386/client/libjvm.so
00f66000-00f75000 rw-p 005ca000 08:03 147154     /usr/lib/jvm/java-7-openjdk-i386/jre/lib/i386/client/libjvm.so
00f75000-0138e000 rw-p 00000000 00:00 0 
0138e000-01390000 r-xp 00000000 08:03 151746     /usr/lib/i386-linux-gnu/libXdamage.so.1.1.0
01390000-01391000 r--p 00001000 08:03 151746     /usr/lib/i386-linux-gnu/libXdamage.so.1.1.0
01391000-01392000 rw-p 00002000 08:03 151746     /usr/lib/i386-linux-gnu/libXdamage.so.1.1.0
01392000-013b8000 r-xp 00000000 08:03 13440      /lib/i386-linux-gnu/libexpat.so.1.5.2
013b8000-013b9000 ---p 00026000 08:03 13440      /lib/i386-linux-gnu/libexpat.so.1.5.2
013b9000-013bb000 r--p 00026000 08:03 13440      /lib/i386-linux-gnu/libexpat.so.1.5.2
013bb000-013bc000 rw-p 00028000 08:03 13440      /lib/i386-linux-gnu/libexpat.so.1.5.2
013bc000-0144f000 r-xp 00000000 08:03 135946     /usr/lib/i386-linux-gnu/libpixman-1.so.0.24.4
0144f000-01453000 r--p 00092000 08:03 135946     /usr/lib/i386-linux-gnu/libpixman-1.so.0.24.4
01453000-01454000 rw-p 00096000 08:03 135946     /usr/lib/i386-linux-gnu/libpixman-1.so.0.24.4
01454000-0151c000 r-xp 00000000 08:03 137603     /usr/lib/i386-linux-gnu/libkrb5.so.3.3
0151c000-01522000 r--p 000c7000 08:03 137603     /usr/lib/i386-linux-gnu/libkrb5.so.3.3
01522000-01523000 rw-p 000cd000 08:03 137603     /usr/lib/i386-linux-gnu/libkrb5.so.3.3
0198d000-019aa000 r-xp 00000000 08:03 143641     /usr/lib/i386-linux-gnu/libatk-1.0.so.0.20409.1
019aa000-019ac000 r--p 0001c000 08:03 143641     /usr/lib/i386-linux-gnu/libatk-1.0.so.0.20409.1
019ac000-019ad000 rw-p 0001e000 08:03 143641     /usr/lib/i386-linux-gnu/libatk-1.0.so.0.20409.1
01b2e000-01bb0000 r-xp 00000000 08:03 895        /lib/i386-linux-gnu/libgcrypt.so.11.7.0
01bb0000-01bb1000 r--p 00081000 08:03 895        /lib/i386-linux-gnu/libgcrypt.so.11.7.0
01bb1000-01bb3000 rw-p 00082000 08:03 895        /lib/i386-linux-gnu/libgcrypt.so.11.7.0
01df6000-01e15000 r-xp 00000000 08:03 146262     /usr/lib/i386-linux-gnu/libgdk_pixbuf-2.0.so.0.2600.1
01e15000-01e16000 r--p 0001e000 08:03 146262     /usr/lib/i386-linux-gnu/libgdk_pixbuf-2.0.so.0.2600.1
01e16000-01e17000 rw-p 0001f000 08:03 146262     /usr/lib/i386-linux-gnu/libgdk_pixbuf-2.0.so.0.2600.1
01fa9000-0203e000 r-xp 00000000 08:03 150407     /usr/lib/i386-linux-gnu/libfreetype.so.6.8.0
0203e000-02042000 r--p 00094000 08:03 150407     /usr/lib/i386-linux-gnu/libfreetype.so.6.8.0
02042000-02043000 rw-p 00098000 08:03 150407     /usr/lib/i386-linux-gnu/libfreetype.so.6.8.0
0227b000-022c0000 r-xp 00000000 08:03 132782     /usr/lib/i386-linux-gnu/libjpeg.so.8.0.2
022c0000-022c1000 r--p 00044000 08:03 132782     /usr/lib/i386-linux-gnu/libjpeg.so.8.0.2
022c1000-022c2000 rw-p 00045000 08:03 132782     /usr/lib/i386-linux-gnu/libjpeg.so.8.0.2
022c2000-022d2000 rw-p 00000000 00:00 0 
023b0000-023d8000 r-xp 00000000 08:03 153        /lib/i386-linux-gnu/libpng12.so.0.46.0
023d8000-023d9000 r--p 00027000 08:03 153        /lib/i386-linux-gnu/libpng12.so.0.46.0
023d9000-023da000 rw-p 00028000 08:03 153        /lib/i386-linux-gnu/libpng12.so.0.46.0
024d2000-024da000 r-xp 00000000 08:03 163972     /usr/lib/i386-linux-gnu/libgif.so.4.1.6
024da000-024db000 r--p 00007000 08:03 163972     /usr/lib/i386-linux-gnu/libgif.so.4.1.6
024db000-024dc000 rw-p 00008000 08:03 163972     /usr/lib/i386-linux-gnu/libgif.so.4.1.6
025d4000-0261b000 r-xp 00000000 08:03 147800     /usr/lib/i386-linux-gnu/libpango-1.0.so.0.3000.0
0261b000-0261c000 ---p 00047000 08:03 147800     /usr/lib/i386-linux-gnu/libpango-1.0.so.0.3000.0
0261c000-0261d000 r--p 00047000 08:03 147800     /usr/lib/i386-linux-gnu/libpango-1.0.so.0.3000.0
0261d000-0261e000 rw-p 00048000 08:03 147800     /usr/lib/i386-linux-gnu/libpango-1.0.so.0.3000.0
02636000-02646000 r-xp 00000000 08:03 150692     /usr/lib/i386-linux-gnu/libtasn1.so.3.1.12
02646000-02647000 r--p 0000f000 08:03 150692     /usr/lib/i386-linux-gnu/libtasn1.so.3.1.12
02647000-02648000 rw-p 00010000 08:03 150692     /usr/lib/i386-linux-gnu/libtasn1.so.3.1.12
02e8d000-02e8f000 r-xp 00000000 08:03 151367     /usr/lib/i386-linux-gnu/libXau.so.6.0.0
02e8f000-02e90000 r--p 00001000 08:03 151367     /usr/lib/i386-linux-gnu/libXau.so.6.0.0
02e90000-02e91000 rw-p 00002000 08:03 151367     /usr/lib/i386-linux-gnu/libXau.so.6.0.0
02ed0000-02ed5000 r-xp 00000000 08:03 151382     /usr/lib/i386-linux-gnu/libXdmcp.so.6.0.0
02ed5000-02ed6000 r--p 00004000 08:03 151382     /usr/lib/i386-linux-gnu/libXdmcp.so.6.0.0
02ed6000-02ed7000 rw-p 00005000 08:03 151382     /usr/lib/i386-linux-gnu/libXdmcp.so.6.0.0
03580000-03590000 r-xp 00000000 08:03 151736     /usr/lib/i386-linux-gnu/libavahi-client.so.3.2.9
03590000-03591000 r--p 0000f000 08:03 151736     /usr/lib/i386-linux-gnu/libavahi-client.so.3.2.9
03591000-03592000 rw-p 00010000 08:03 151736     /usr/lib/i386-linux-gnu/libavahi-client.so.3.2.9
03821000-03951000 r-xp 00000000 08:03 148526     /usr/lib/i386-linux-gnu/libX11.so.6.3.0
03951000-03952000 r--p 0012f000 08:03 148526     /usr/lib/i386-linux-gnu/libX11.so.6.3.0
03952000-03954000 rw-p 00130000 08:03 148526     /usr/lib/i386-linux-gnu/libX11.so.6.3.0
03954000-03955000 rw-p 00000000 00:00 0 
03b29000-03be8000 r-xp 00000000 08:03 138072     /usr/lib/i386-linux-gnu/libgnutls.so.26.21.8
03be8000-03bec000 r--p 000be000 08:03 138072     /usr/lib/i386-linux-gnu/libgnutls.so.26.21.8
03bec000-03bed000 rw-p 000c2000 08:03 138072     /usr/lib/i386-linux-gnu/libgnutls.so.26.21.8
04005000-0400d000 r-xp 00000000 08:03 140303     /usr/lib/i386-linux-gnu/libxcb-render.so.0.0.0
0400d000-0400e000 r--p 00008000 08:03 140303     /usr/lib/i386-linux-gnu/libxcb-render.so.0.0.0
0400e000-0400f000 rw-p 00009000 08:03 140303     /usr/lib/i386-linux-gnu/libxcb-render.so.0.0.0
0427a000-0427d000 r-xp 00000000 08:03 150        /lib/i386-linux-gnu/libgpg-error.so.0.8.0
0427d000-0427e000 r--p 00002000 08:03 150        /lib/i386-linux-gnu/libgpg-error.so.0.8.0
0427e000-0427f000 rw-p 00003000 08:03 150        /lib/i386-linux-gnu/libgpg-error.so.0.8.0
0429f000-0434a000 r-xp 00000000 08:03 148694     /usr/lib/i386-linux-gnu/libgdk-x11-2.0.so.0.2400.10
0434a000-0434b000 ---p 000ab000 08:03 148694     /usr/lib/i386-linux-gnu/libgdk-x11-2.0.so.0.2400.10
0434b000-0434d000 r--p 000ab000 08:03 148694     /usr/lib/i386-linux-gnu/libgdk-x11-2.0.so.0.2400.10
0434d000-0434e000 rw-p 000ad000 08:03 148694     /usr/lib/i386-linux-gnu/libgdk-x11-2.0.so.0.2400.10
0452a000-04579000 r-xp 00000000 08:03 145544     /usr/lib/i386-linux-gnu/libcups.so.2
04579000-0457c000 r--p 0004e000 08:03 145544     /usr/lib/i386-linux-gnu/libcups.so.2
0457c000-0457d000 rw-p 00051000 08:03 145544     /usr/lib/i386-linux-gnu/libcups.so.2
047df000-047fe000 r-xp 00000000 08:03 147289     /usr/lib/i386-linux-gnu/libxcb.so.1.1.0
047fe000-047ff000 r--p 0001f000 08:03 147289     /usr/lib/i386-linux-gnu/libxcb.so.1.1.0
047ff000-04800000 rw-p 00020000 08:03 147289     /usr/lib/i386-linux-gnu/libxcb.so.1.1.0
048dd000-04924000 r-xp 00000000 08:03 414        /lib/i386-linux-gnu/libdbus-1.so.3.5.8
04924000-04925000 r--p 00047000 08:03 414        /lib/i386-linux-gnu/libdbus-1.so.3.5.8
04925000-04926000 rw-p 00048000 08:03 414        /lib/i386-linux-gnu/libdbus-1.so.3.5.8
0501d000-0502d000 r-xp 00000000 08:03 145982     /usr/lib/i386-linux-gnu/libp11-kit.so.0.0.0
0502d000-0502e000 r--p 0000f000 08:03 145982     /usr/lib/i386-linux-gnu/libp11-kit.so.0.0.0
0502e000-0502f000 rw-p 00010000 08:03 145982     /usr/lib/i386-linux-gnu/libp11-kit.so.0.0.0
05ac2000-05ac4000 r-xp 00000000 08:03 141644     /usr/lib/i386-linux-gnu/libxcb-shm.so.0.0.0
05ac4000-05ac5000 r--p 00001000 08:03 141644     /usr/lib/i386-linux-gnu/libxcb-shm.so.0.0.0
05ac5000-05ac6000 rw-p 00002000 08:03 141644     /usr/lib/i386-linux-gnu/libxcb-shm.so.0.0.0
0641b000-06427000 r-xp 00000000 08:03 147375     /usr/lib/i386-linux-gnu/libavahi-common.so.3.5.3
06427000-06428000 r--p 0000b000 08:03 147375     /usr/lib/i386-linux-gnu/libavahi-common.so.3.5.3
06428000-06429000 rw-p 0000c000 08:03 147375     /usr/lib/i386-linux-gnu/libavahi-common.so.3.5.3
0695f000-06962000 r-xp 00000000 08:03 2968       /lib/i386-linux-gnu/libcom_err.so.2.1
06962000-06963000 r--p 00002000 08:03 2968       /lib/i386-linux-gnu/libcom_err.so.2.1
06963000-06964000 rw-p 00003000 08:03 2968       /lib/i386-linux-gnu/libcom_err.so.2.1
06b7a000-06ba0000 r-xp 00000000 08:03 137428     /usr/lib/i386-linux-gnu/libk5crypto.so.3.1
06ba0000-06ba1000 r--p 00025000 08:03 137428     /usr/lib/i386-linux-gnu/libk5crypto.so.3.1
06ba1000-06ba2000 rw-p 00026000 08:03 137428     /usr/lib/i386-linux-gnu/libk5crypto.so.3.1
06d7e000-06dc1000 r-xp 00000000 08:03 147196     /usr/lib/jvm/java-7-openjdk-i386/jre/lib/i386/libfontmanager.so
06dc1000-06dc2000 r--p 00043000 08:03 147196     /usr/lib/jvm/java-7-openjdk-i386/jre/lib/i386/libfontmanager.so
06dc2000-06dc3000 rw-p 00044000 08:03 147196     /usr/lib/jvm/java-7-openjdk-i386/jre/lib/i386/libfontmanager.so
06efb000-06f02000 r-xp 00000000 08:03 137630     /usr/lib/i386-linux-gnu/libkrb5support.so.0.1
06f02000-06f03000 r--p 00006000 08:03 137630     /usr/lib/i386-linux-gnu/libkrb5support.so.0.1
06f03000-06f04000 rw-p 00007000 08:03 137630     /usr/lib/i386-linux-gnu/libkrb5support.so.0.1
07071000-074d1000 r-xp 00000000 08:03 148693     /usr/lib/i386-linux-gnu/libgtk-x11-2.0.so.0.2400.10
074d1000-074d5000 r--p 00460000 08:03 148693     /usr/lib/i386-linux-gnu/libgtk-x11-2.0.so.0.2400.10
074d5000-074d7000 rw-p 00464000 08:03 148693     /usr/lib/i386-linux-gnu/libgtk-x11-2.0.so.0.2400.10
074d7000-074d9000 rw-p 00000000 00:00 0 
07571000-075a3000 r-xp 00000000 08:03 135314     /usr/lib/i386-linux-gnu/libfontconfig.so.1.4.4
075a3000-075a4000 r--p 00032000 08:03 135314     /usr/lib/i386-linux-gnu/libfontconfig.so.1.4.4
075a4000-075a5000 rw-p 00033000 08:03 135314     /usr/lib/i386-linux-gnu/libfontconfig.so.1.4.4
07ad0000-07ad2000 r-xp 00000000 08:03 151663     /usr/lib/i386-linux-gnu/libXcomposite.so.1.0.0
07ad2000-07ad3000 r--p 00001000 08:03 151663     /usr/lib/i386-linux-gnu/libXcomposite.so.1.0.0
07ad3000-07ad4000 rw-p 00002000 08:03 151663     /usr/lib/i386-linux-gnu/libXcomposite.so.1.0.0
07f18000-07f53000 r-xp 00000000 08:03 137571     /usr/lib/i386-linux-gnu/libgssapi_krb5.so.2.2
07f53000-07f54000 ---p 0003b000 08:03 137571     /usr/lib/i386-linux-gnu/libgssapi_krb5.so.2.2
07f54000-07f55000 r--p 0003b000 08:03 137571     /usr/lib/i386-linux-gnu/libgssapi_krb5.so.2.2
07f55000-07f56000 rw-p 0003c000 08:03 137571     /usr/lib/i386-linux-gnu/libgssapi_krb5.so.2.2
07f6f000-08036000 r-xp 00000000 08:03 142685     /usr/lib/i386-linux-gnu/libcairo.so.2.11000.2
08036000-08037000 r--p 000c7000 08:03 142685     /usr/lib/i386-linux-gnu/libcairo.so.2.11000.2
08037000-08038000 rw-p 000c8000 08:03 142685     /usr/lib/i386-linux-gnu/libcairo.so.2.11000.2
08038000-0803a000 rw-p 00000000 00:00 0 
08048000-08049000 r-xp 00000000 08:03 146703     /usr/lib/jvm/java-7-openjdk-i386/jre/bin/java
08049000-0804a000 r--p 00000000 08:03 146703     /usr/lib/jvm/java-7-openjdk-i386/jre/bin/java
0804a000-0804b000 rw-p 00001000 08:03 146703     /usr/lib/jvm/java-7-openjdk-i386/jre/bin/java
08b0c000-08b0e000 r-xp 00000000 08:03 3071       /lib/i386-linux-gnu/libkeyutils.so.1.4
08b0e000-08b0f000 r--p 00002000 08:03 3071       /lib/i386-linux-gnu/libkeyutils.so.1.4
08b0f000-08b10000 rw-p 00003000 08:03 3071       /lib/i386-linux-gnu/libkeyutils.so.1.4
0906e000-09078000 r-xp 00000000 08:03 146498     /usr/lib/jvm/java-7-openjdk-i386/jre/lib/i386/libsplashscreen.so
09078000-09079000 r--p 00009000 08:03 146498     /usr/lib/jvm/java-7-openjdk-i386/jre/lib/i386/libsplashscreen.so
09079000-0907a000 rw-p 0000a000 08:03 146498     /usr/lib/jvm/java-7-openjdk-i386/jre/lib/i386/libsplashscreen.so
0907a000-0907c000 rw-p 00000000 00:00 0 
0922a000-09254000 r-xp 00000000 08:03 148074     /usr/lib/i386-linux-gnu/libpangoft2-1.0.so.0.3000.0
09254000-09255000 r--p 00029000 08:03 148074     /usr/lib/i386-linux-gnu/libpangoft2-1.0.so.0.3000.0
09255000-09256000 rw-p 0002a000 08:03 148074     /usr/lib/i386-linux-gnu/libpangoft2-1.0.so.0.3000.0
09cec000-09d0d000 rw-p 00000000 00:00 0          [heap]
54580000-55020000 rw-p 00000000 00:00 0 
55020000-61620000 rw-p 00000000 00:00 0 
61620000-62b80000 rw-p 00000000 00:00 0 
62b80000-7b780000 rw-p 00000000 00:00 0 
7b780000-7d780000 rw-p 00000000 00:00 0 
7d780000-93780000 rw-p 00000000 00:00 0 
93780000-93d93000 r--p 00001000 08:03 145177     /usr/lib/jvm/java-7-openjdk-i386/jre/lib/i386/client/classes.jsa
93d93000-94180000 rw-p 00000000 00:00 0 
94180000-948e9000 rw-p 00614000 08:03 145177     /usr/lib/jvm/java-7-openjdk-i386/jre/lib/i386/client/classes.jsa
948e9000-94d80000 rw-p 00000000 00:00 0 
94d80000-95099000 rw-p 00d7d000 08:03 145177     /usr/lib/jvm/java-7-openjdk-i386/jre/lib/i386/client/classes.jsa
95099000-95180000 rw-p 00000000 00:00 0 
95180000-95189000 r-xp 01096000 08:03 145177     /usr/lib/jvm/java-7-openjdk-i386/jre/lib/i386/client/classes.jsa
95189000-95580000 rw-p 00000000 00:00 0 
abdfe000-abe01000 ---p 00000000 00:00 0 
abe01000-abfff000 rw-p 00000000 00:00 0 
abfff000-ac002000 ---p 00000000 00:00 0 
ac002000-ac200000 rw-p 00000000 00:00 0 
ac200000-ac2a6000 rw-p 00000000 00:00 0 
ac2a6000-ac300000 ---p 00000000 00:00 0 
ac300000-ac380000 rw-p 00000000 00:00 0 
ac380000-ac400000 ---p 00000000 00:00 0 
ac400000-ac500000 rw-p 00000000 00:00 0 
ac5bb000-ac700000 rw-p 00000000 00:00 0 
ac700000-ac800000 rw-p 00000000 00:00 0 
ac800000-ac8fd000 rw-p 00000000 00:00 0 
ac8fd000-ac900000 ---p 00000000 00:00 0 
ac900000-ac95a000 rw-p 00000000 00:00 0 
ac95a000-aca00000 ---p 00000000 00:00 0 
acafe000-acbfe000 r--s 00000000 08:05 4014706    /home/simon/.netbeans/7.1.2/var/cache/all-layers.dat
acbfe000-acc01000 ---p 00000000 00:00 0 
acc01000-acdff000 rw-p 00000000 00:00 0 
acdff000-ace02000 ---p 00000000 00:00 0 
ace02000-ad000000 rw-p 00000000 00:00 0 
ad000000-ad0ee000 rw-p 00000000 00:00 0 
ad0ee000-ad100000 ---p 00000000 00:00 0 
ad1ff000-ad202000 ---p 00000000 00:00 0 
ad202000-ad400000 rw-p 00000000 00:00 0 
ad400000-ad421000 rw-p 00000000 00:00 0 
ad421000-ad500000 ---p 00000000 00:00 0 
ad5ff000-ad602000 ---p 00000000 00:00 0 
ad602000-ad800000 rw-p 00000000 00:00 0 
ad800000-ad8b5000 rw-p 00000000 00:00 0 
ad8b5000-ad900000 ---p 00000000 00:00 0 
ad9ff000-ada02000 ---p 00000000 00:00 0 
ada02000-adc00000 rw-p 00000000 00:00 0 
adc00000-adcb3000 rw-p 00000000 00:00 0 
adcb3000-add00000 ---p 00000000 00:00 0 
add67000-add6a000 ---p 00000000 00:00 0 
add6a000-adf68000 rw-p 00000000 00:00 0 
adf68000-adf6b000 ---p 00000000 00:00 0 
adf6b000-b2e00000 rw-p 00000000 00:00 0 
b2e00000-b2e43000 rw-p 00000000 00:00 0 
b2e43000-b2f00000 ---p 00000000 00:00 0 
b2f00000-b2f21000 rw-p 00000000 00:00 0 
b2f21000-b3000000 ---p 00000000 00:00 0 
b3000000-b3021000 rw-p 00000000 00:00 0 
b3021000-b3100000 ---p 00000000 00:00 0 
b31ff000-b3202000 ---p 00000000 00:00 0 
b3202000-b3400000 rw-p 00000000 00:00 0 
b3400000-b3421000 rw-p 00000000 00:00 0 
b3421000-b3500000 ---p 00000000 00:00 0 
b352f000-b35ff000 rw-p 00000000 00:00 0 
b35ff000-b3602000 ---p 00000000 00:00 0 
b3602000-b3800000 rw-p 00000000 00:00 0 
b3800000-b3821000 rw-p 00000000 00:00 0 
b3821000-b3900000 ---p 00000000 00:00 0 
b3974000-b39ff000 rw-s 00000000 00:04 2949203    /SYSV00000000 (deleted)
b39ff000-b3a02000 ---p 00000000 00:00 0 
b3a02000-b3c00000 rw-p 00000000 00:00 0 
b3c00000-b3cfe000 rw-p 00000000 00:00 0 
b3cfe000-b3d00000 ---p 00000000 00:00 0 
b3d00000-b3d21000 rw-p 00000000 00:00 0 
b3d21000-b3e00000 ---p 00000000 00:00 0 
b3e00000-b3e21000 rw-p 00000000 00:00 0 
b3e21000-b3f00000 ---p 00000000 00:00 0 
b3f74000-b3fff000 rw-s 00000000 00:04 2916434    /SYSV00000000 (deleted)
b3fff000-b4002000 ---p 00000000 00:00 0 
b4002000-b4200000 rw-p 00000000 00:00 0 
b4200000-b4400000 r--p 00000000 08:03 132092     /usr/lib/locale/locale-archive
b4400000-b4421000 rw-p 00000000 00:00 0 
b4421000-b4500000 ---p 00000000 00:00 0 
b457e000-b457f000 ---p 00000000 00:00 0 
b457f000-b45ff000 rw-p 00000000 00:00 0 
b45ff000-b4602000 ---p 00000000 00:00 0 
b4602000-b4800000 rw-p 00000000 00:00 0 
b4800000-b4821000 rw-p 00000000 00:00 0 
b4821000-b4900000 ---p 00000000 00:00 0 
b497e000-b4981000 ---p 00000000 00:00 0 
b4981000-b49ff000 rw-p 00000000 00:00 0 
b49ff000-b4a02000 ---p 00000000 00:00 0 
b4a02000-b4c00000 rw-p 00000000 00:00 0 
b4c00000-b4c21000 rw-p 00000000 00:00 0 
b4c21000-b4d00000 ---p 00000000 00:00 0 
b4d73000-b4d74000 ---p 00000000 00:00 0 
b4d74000-b4e3c000 rw-p 00000000 00:00 0 
b4e3c000-b4fe9000 r--s 01cde000 08:03 146749     /usr/lib/jvm/java-7-openjdk-i386/jre/lib/rt.jar
b4fe9000-b4ffa000 rw-p 00000000 00:00 0 
b4ffa000-b50aa000 rw-p 00000000 00:00 0 
b50aa000-b50b5000 rw-p 00000000 00:00 0 
b50b5000-b517b000 rw-p 00000000 00:00 0 
b517b000-b5181000 rw-p 00000000 00:00 0 
b5181000-b51e3000 rw-p 00000000 00:00 0 
b51e3000-b51ee000 rw-p 00000000 00:00 0 
b51ee000-b52b4000 rw-p 00000000 00:00 0 
b52b4000-b52c4000 rw-p 00000000 00:00 0 
b52c4000-b5374000 rw-p 00000000 00:00 0 
b5374000-b5389000 rw-p 00000000 00:00 0 
b5389000-b5400000 rw-p 00000000 00:00 0 
b5400000-b5640000 rwxp 00000000 00:00 0 
b5640000-b74ff000 rw-p 00000000 00:00 0 
b74ff000-b7500000 ---p 00000000 00:00 0 
b753b000-b7540000 r--s 0004c000 08:03 135089     /usr/lib/jvm/java-7-openjdk-common/jre/lib/jsse.jar
b7540000-b7543000 ---p 00000000 00:00 0 
b7543000-b7744000 rw-p 00000000 00:00 0 
b7746000-b7748000 rw-p 00000000 00:00 0 
b7748000-b7749000 r--p 002c5000 08:03 132092     /usr/lib/locale/locale-archive
b7749000-b7756000 rw-p 00000000 00:00 0 
b7756000-b775e000 rw-s 00000000 08:03 269588     /tmp/hsperfdata_simon/3056
b775e000-b775f000 rw-p 00000000 00:00 0 
b775f000-b7760000 r--p 00000000 00:00 0 
b7760000-b7762000 rw-p 00000000 00:00 0 
bf984000-bf9a6000 rw-p 00000000 00:00 0          [stack]

VM Arguments:
jvm_args: -Djdk.home=/usr/lib/jvm/java-7-openjdk-i386 -Dnetbeans.dirs=/home/simon/bin/netbeans-7.1.2/nb:/home/simon/bin/netbeans-7.1.2/bin/../ergonomics:/home/simon/bin/netbeans-7.1.2/ide:/home/simon/bin/netbeans-7.1.2/java:/home/simon/bin/netbeans-7.1.2/apisupport:/home/simon/bin/netbeans-7.1.2/bin/../webcommon:/home/simon/bin/netbeans-7.1.2/websvccommon:/home/simon/bin/netbeans-7.1.2/enterprise:/home/simon/bin/netbeans-7.1.2/bin/../mobility:/home/simon/bin/netbeans-7.1.2/profiler:/home/simon/bin/netbeans-7.1.2/bin/../python:/home/simon/bin/netbeans-7.1.2/php:/home/simon/bin/netbeans-7.1.2/bin/../identity:/home/simon/bin/netbeans-7.1.2/harness:/home/simon/bin/netbeans-7.1.2/bin/../cnd:/home/simon/bin/netbeans-7.1.2/bin/../dlight:/home/simon/bin/netbeans-7.1.2/bin/../groovy:/home/simon/bin/netbeans-7.1.2/extra:/home/simon/bin/netbeans-7.1.2/bin/../javacard:/home/simon/bin/netbeans-7.1.2/javafx:/home/simon/bin/netbeans-7.1.2/bin/../latex: -Dnetbeans.home=/home/simon/bin/netbeans-7.1.2/platform -Dnetbeans.importclass=org.netbeans.upgrade.AutoUpgrade -Dnetbeans.accept_license_class=org.netbeans.license.AcceptLicense -XX:MaxPermSize=384m -Xmx625m -Xss2m -Xms32m -XX:PermSize=32m -Dapple.laf.useScreenMenuBar=true -Dapple.awt.graphics.UseQuartz=true -Dsun.java2d.noddraw=true -Dsun.zip.disableMemoryMapping=true -XX:+HeapDumpOnOutOfMemoryError -XX:HeapDumpPath=/home/simon/.netbeans/7.1.2/var/log/heapdump.hprof 
java_command: org.netbeans.Main --userdir /home/simon/.netbeans/7.1.2 --branding nb
Launcher Type: SUN_STANDARD

Environment Variables:
PATH=/home/simon/.rvm/gems/ruby-1.9.2-p290/bin:/home/simon/.rvm/gems/ruby-1.9.2-p290@global/bin:/home/simon/.rvm/rubies/ruby-1.9.2-p290/bin:/home/simon/.rvm/bin:/usr/local/sbin:/usr/local/bin:/usr/sbin:/usr/bin:/sbin:/bin:/usr/games
SHELL=/bin/bash
DISPLAY=:0

Signal Handlers:
SIGSEGV: [libjvm.so+0x49d570], sa_mask[0]=0x7ffbfeff, sa_flags=0x10000004
SIGBUS: [libjvm.so+0x49d570], sa_mask[0]=0x7ffbfeff, sa_flags=0x10000004
SIGFPE: [libjvm.so+0x396b30], sa_mask[0]=0x7ffbfeff, sa_flags=0x10000004
SIGPIPE: [libjvm.so+0x396b30], sa_mask[0]=0x7ffbfeff, sa_flags=0x10000004
SIGXFSZ: [libjvm.so+0x396b30], sa_mask[0]=0x7ffbfeff, sa_flags=0x10000004
SIGILL: [libjvm.so+0x396b30], sa_mask[0]=0x7ffbfeff, sa_flags=0x10000004
SIGUSR1: SIG_DFL, sa_mask[0]=0x00000000, sa_flags=0x00000000
SIGUSR2: [libjvm.so+0x3969c0], sa_mask[0]=0x00000000, sa_flags=0x10000004
SIGHUP: [libjvm.so+0x397040], sa_mask[0]=0x7ffbfeff, sa_flags=0x10000004
SIGINT: SIG_IGN, sa_mask[0]=0x00000000, sa_flags=0x00000000
SIGTERM: [libjvm.so+0x397040], sa_mask[0]=0x7ffbfeff, sa_flags=0x10000004
SIGQUIT: [libjvm.so+0x397040], sa_mask[0]=0x7ffbfeff, sa_flags=0x10000004


---------------  S Y S T E M  ---------------

OS:Ubuntu 12.04 (precise)
uname:Linux 3.2.0-41-generic #66-Ubuntu SMP Thu Apr 25 03:28:09 UTC 2013 i686
libc:glibc 2.15 NPTL 2.15 
rlimit: STACK 8192k, CORE 0k, NPROC 24870, NOFILE 4096, AS infinity
load average:2.23 0.59 0.20

/proc/meminfo:
MemTotal:        3204196 kB
MemFree:         1743124 kB
Buffers:           73380 kB
Cached:           682568 kB
SwapCached:            0 kB
Active:           738148 kB
Inactive:         627344 kB
Active(anon):     612220 kB
Inactive(anon):    75812 kB
Active(file):     125928 kB
Inactive(file):   551532 kB
Unevictable:           0 kB
Mlocked:               0 kB
HighTotal:       2346180 kB
HighFree:        1033268 kB
LowTotal:         858016 kB
LowFree:          709856 kB
SwapTotal:      10112880 kB
SwapFree:       10112880 kB
Dirty:              3876 kB
Writeback:             0 kB
AnonPages:        610524 kB
Mapped:           144944 kB
Shmem:             77916 kB
Slab:              43820 kB
SReclaimable:      22528 kB
SUnreclaim:        21292 kB
KernelStack:        3248 kB
PageTables:         7664 kB
NFS_Unstable:          0 kB
Bounce:                0 kB
WritebackTmp:          0 kB
CommitLimit:    11714976 kB
Committed_AS:    3294396 kB
VmallocTotal:     122880 kB
VmallocUsed:       24424 kB
VmallocChunk:      96644 kB
HardwareCorrupted:     0 kB
AnonHugePages:         0 kB
HugePages_Total:       0
HugePages_Free:        0
HugePages_Rsvd:        0
HugePages_Surp:        0
Hugepagesize:       4096 kB
DirectMap4k:       16376 kB
DirectMap4M:      892928 kB


CPU:total 8 (4 cores per cpu, 2 threads per core) family 6 model 58 stepping 9, cmov, cx8, fxsr, mmx, sse, sse2, sse3, ssse3, sse4.1, sse4.2, popcnt, avx, ht, tsc, tscinvbit, tscinv

/proc/cpuinfo:
processor	: 0
vendor_id	: GenuineIntel
cpu family	: 6
model		: 58
model name	: Intel(R) Core(TM) i7-3720QM CPU @ 2.60GHz
stepping	: 9
microcode	: 0x16
cpu MHz		: 2601.000
cache size	: 6144 KB
physical id	: 0
siblings	: 8
core id		: 0
cpu cores	: 4
apicid		: 0
initial apicid	: 0
fdiv_bug	: no
hlt_bug		: no
f00f_bug	: no
coma_bug	: no
fpu		: yes
fpu_exception	: yes
cpuid level	: 13
wp		: yes
flags		: fpu vme de pse tsc msr pae mce cx8 apic mtrr pge mca cmov pat pse36 clflush dts acpi mmx fxsr sse sse2 ss ht tm pbe nx rdtscp lm constant_tsc arch_perfmon pebs bts xtopology nonstop_tsc aperfmperf pni pclmulqdq dtes64 monitor ds_cpl vmx smx est tm2 ssse3 cx16 xtpr pdcm pcid sse4_1 sse4_2 x2apic popcnt tsc_deadline_timer aes xsave avx f16c rdrand lahf_lm ida arat epb xsaveopt pln pts dtherm tpr_shadow vnmi flexpriority ept vpid fsgsbase smep erms
bogomips	: 5188.21
clflush size	: 64
cache_alignment	: 64
address sizes	: 36 bits physical, 48 bits virtual
power management:

processor	: 1
vendor_id	: GenuineIntel
cpu family	: 6
model		: 58
model name	: Intel(R) Core(TM) i7-3720QM CPU @ 2.60GHz
stepping	: 9
microcode	: 0x16
cpu MHz		: 2601.000
cache size	: 6144 KB
physical id	: 0
siblings	: 8
core id		: 0
cpu cores	: 4
apicid		: 1
initial apicid	: 1
fdiv_bug	: no
hlt_bug		: no
f00f_bug	: no
coma_bug	: no
fpu		: yes
fpu_exception	: yes
cpuid level	: 13
wp		: yes
flags		: fpu vme de pse tsc msr pae mce cx8 apic mtrr pge mca cmov pat pse36 clflush dts acpi mmx fxsr sse sse2 ss ht tm pbe nx rdtscp lm constant_tsc arch_perfmon pebs bts xtopology nonstop_tsc aperfmperf pni pclmulqdq dtes64 monitor ds_cpl vmx smx est tm2 ssse3 cx16 xtpr pdcm pcid sse4_1 sse4_2 x2apic popcnt tsc_deadline_timer aes xsave avx f16c rdrand lahf_lm ida arat epb xsaveopt pln pts dtherm tpr_shadow vnmi flexpriority ept vpid fsgsbase smep erms
bogomips	: 5188.17
clflush size	: 64
cache_alignment	: 64
address sizes	: 36 bits physical, 48 bits virtual
power management:

processor	: 2
vendor_id	: GenuineIntel
cpu family	: 6
model		: 58
model name	: Intel(R) Core(TM) i7-3720QM CPU @ 2.60GHz
stepping	: 9
microcode	: 0x16
cpu MHz		: 2601.000
cache size	: 6144 KB
physical id	: 0
siblings	: 8
core id		: 1
cpu cores	: 4
apicid		: 2
initial apicid	: 2
fdiv_bug	: no
hlt_bug		: no
f00f_bug	: no
coma_bug	: no
fpu		: yes
fpu_exception	: yes
cpuid level	: 13
wp		: yes
flags		: fpu vme de pse tsc msr pae mce cx8 apic mtrr pge mca cmov pat pse36 clflush dts acpi mmx fxsr sse sse2 ss ht tm pbe nx rdtscp lm constant_tsc arch_perfmon pebs bts xtopology nonstop_tsc aperfmperf pni pclmulqdq dtes64 monitor ds_cpl vmx smx est tm2 ssse3 cx16 xtpr pdcm pcid sse4_1 sse4_2 x2apic popcnt tsc_deadline_timer aes xsave avx f16c rdrand lahf_lm ida arat epb xsaveopt pln pts dtherm tpr_shadow vnmi flexpriority ept vpid fsgsbase smep erms
bogomips	: 5188.18
clflush size	: 64
cache_alignment	: 64
address sizes	: 36 bits physical, 48 bits virtual
power management:

processor	: 3
vendor_id	: GenuineIntel
cpu family	: 6
model		: 58
model name	: Intel(R) Core(TM) i7-3720QM CPU @ 2.60GHz
stepping	: 9
microcode	: 0x16
cpu MHz		: 2601.000
cache size	: 6144 KB
physical id	: 0
siblings	: 8
core id		: 1
cpu cores	: 4
apicid		: 3
initial apicid	: 3
fdiv_bug	: no
hlt_bug		: no
f00f_bug	: no
coma_bug	: no
fpu		: yes
fpu_exception	: yes
cpuid level	: 13
wp		: yes
flags		: fpu vme de pse tsc msr pae mce cx8 apic mtrr pge mca cmov pat pse36 clflush dts acpi mmx fxsr sse sse2 ss ht tm pbe nx rdtscp lm constant_tsc arch_perfmon pebs bts xtopology nonstop_tsc aperfmperf pni pclmulqdq dtes64 monitor ds_cpl vmx smx est tm2 ssse3 cx16 xtpr pdcm pcid sse4_1 sse4_2 x2apic popcnt tsc_deadline_timer aes xsave avx f16c rdrand lahf_lm ida arat epb xsaveopt pln pts dtherm tpr_shadow vnmi flexpriority ept vpid fsgsbase smep erms
bogomips	: 5188.18
clflush size	: 64
cache_alignment	: 64
address sizes	: 36 bits physical, 48 bits virtual
power management:

processor	: 4
vendor_id	: GenuineIntel
cpu family	: 6
model		: 58
model name	: Intel(R) Core(TM) i7-3720QM CPU @ 2.60GHz
stepping	: 9
microcode	: 0x16
cpu MHz		: 2601.000
cache size	: 6144 KB
physical id	: 0
siblings	: 8
core id		: 2
cpu cores	: 4
apicid		: 4
initial apicid	: 4
fdiv_bug	: no
hlt_bug		: no
f00f_bug	: no
coma_bug	: no
fpu		: yes
fpu_exception	: yes
cpuid level	: 13
wp		: yes
flags		: fpu vme de pse tsc msr pae mce cx8 apic mtrr pge mca cmov pat pse36 clflush dts acpi mmx fxsr sse sse2 ss ht tm pbe nx rdtscp lm constant_tsc arch_perfmon pebs bts xtopology nonstop_tsc aperfmperf pni pclmulqdq dtes64 monitor ds_cpl vmx smx est tm2 ssse3 cx16 xtpr pdcm pcid sse4_1 sse4_2 x2apic popcnt tsc_deadline_timer aes xsave avx f16c rdrand lahf_lm ida arat epb xsaveopt pln pts dtherm tpr_shadow vnmi flexpriority ept vpid fsgsbase smep erms
bogomips	: 5188.18
clflush size	: 64
cache_alignment	: 64
address sizes	: 36 bits physical, 48 bits virtual
power management:

processor	: 5
vendor_id	: GenuineIntel
cpu family	: 6
model		: 58
model name	: Intel(R) Core(TM) i7-3720QM CPU @ 2.60GHz
stepping	: 9
microcode	: 0x16
cpu MHz		: 2601.000
cache size	: 6144 KB
physical id	: 0
siblings	: 8
core id		: 2
cpu cores	: 4
apicid		: 5
initial apicid	: 5
fdiv_bug	: no
hlt_bug		: no
f00f_bug	: no
coma_bug	: no
fpu		: yes
fpu_exception	: yes
cpuid level	: 13
wp		: yes
flags		: fpu vme de pse tsc msr pae mce cx8 apic mtrr pge mca cmov pat pse36 clflush dts acpi mmx fxsr sse sse2 ss ht tm pbe nx rdtscp lm constant_tsc arch_perfmon pebs bts xtopology nonstop_tsc aperfmperf pni pclmulqdq dtes64 monitor ds_cpl vmx smx est tm2 ssse3 cx16 xtpr pdcm pcid sse4_1 sse4_2 x2apic popcnt tsc_deadline_timer aes xsave avx f16c rdrand lahf_lm ida arat epb xsaveopt pln pts dtherm tpr_shadow vnmi flexpriority ept vpid fsgsbase smep erms
bogomips	: 5188.17
clflush size	: 64
cache_alignment	: 64
address sizes	: 36 bits physical, 48 bits virtual
power management:

processor	: 6
vendor_id	: GenuineIntel
cpu family	: 6
model		: 58
model name	: Intel(R) Core(TM) i7-3720QM CPU @ 2.60GHz
stepping	: 9
microcode	: 0x16
cpu MHz		: 2601.000
cache size	: 6144 KB
physical id	: 0
siblings	: 8
core id		: 3
cpu cores	: 4
apicid		: 6
initial apicid	: 6
fdiv_bug	: no
hlt_bug		: no
f00f_bug	: no
coma_bug	: no
fpu		: yes
fpu_exception	: yes
cpuid level	: 13
wp		: yes
flags		: fpu vme de pse tsc msr pae mce cx8 apic mtrr pge mca cmov pat pse36 clflush dts acpi mmx fxsr sse sse2 ss ht tm pbe nx rdtscp lm constant_tsc arch_perfmon pebs bts xtopology nonstop_tsc aperfmperf pni pclmulqdq dtes64 monitor ds_cpl vmx smx est tm2 ssse3 cx16 xtpr pdcm pcid sse4_1 sse4_2 x2apic popcnt tsc_deadline_timer aes xsave avx f16c rdrand lahf_lm ida arat epb xsaveopt pln pts dtherm tpr_shadow vnmi flexpriority ept vpid fsgsbase smep erms
bogomips	: 5188.18
clflush size	: 64
cache_alignment	: 64
address sizes	: 36 bits physical, 48 bits virtual
power management:

processor	: 7
vendor_id	: GenuineIntel
cpu family	: 6
model		: 58
model name	: Intel(R) Core(TM) i7-3720QM CPU @ 2.60GHz
stepping	: 9
microcode	: 0x16
cpu MHz		: 2601.000
cache size	: 6144 KB
physical id	: 0
siblings	: 8
core id		: 3
cpu cores	: 4
apicid		: 7
initial apicid	: 7
fdiv_bug	: no
hlt_bug		: no
f00f_bug	: no
coma_bug	: no
fpu		: yes
fpu_exception	: yes
cpuid level	: 13
wp		: yes
flags		: fpu vme de pse tsc msr pae mce cx8 apic mtrr pge mca cmov pat pse36 clflush dts acpi mmx fxsr sse sse2 ss ht tm pbe nx rdtscp lm constant_tsc arch_perfmon pebs bts xtopology nonstop_tsc aperfmperf pni pclmulqdq dtes64 monitor ds_cpl vmx smx est tm2 ssse3 cx16 xtpr pdcm pcid sse4_1 sse4_2 x2apic popcnt tsc_deadline_timer aes xsave avx f16c rdrand lahf_lm ida arat epb xsaveopt pln pts dtherm tpr_shadow vnmi flexpriority ept vpid fsgsbase smep erms
bogomips	: 5188.18
clflush size	: 64
cache_alignment	: 64
address sizes	: 36 bits physical, 48 bits virtual
power management:



Memory: 4k page, physical 3204196k(1743124k free), swap 10112880k(10112880k free)

vm_info: OpenJDK Client VM (23.7-b01) for linux-x86 JRE (1.7.0_21-b02), built on Apr 23 2013 14:00:27 by "buildd" with gcc 4.6.3

time: Mon May 13 09:44:36 2013
elapsed time: 1 seconds

