Jun 29, 2012 4:01:51 AM eu.dime.model.ModelContext resetStorage
INFO: Initialization of Storage completed! Configuration:
persistence: false
accessRemoteRestAPI: false
ip: 127.0.0.1
port: 8080
https: false
fetchNotifications: false
Jun 29, 2012 4:01:51 AM eu.dime.simpleps.api.EndpointManager registerPingService
INFO: registering ping at dime-communications/api/dime/rest/5b223cde-07e5-4987-b531-231876fa7601/system/ping
Jun 29, 2012 4:01:51 AM eu.dime.simpleps.api.EndpointManager registerCometCall
INFO: registering comet-call for 5b223cde-07e5-4987-b531-231876fa7601 at dime-communications/push/5b223cde-07e5-4987-b531-231876fa7601/@comet
Jun 29, 2012 4:01:51 AM eu.dime.simpleps.api.EndpointManager registerDumpCall
INFO: registering dump-call for 5b223cde-07e5-4987-b531-231876fa7601 at dime-communications/api/dime/rest/5b223cde-07e5-4987-b531-231876fa7601/@dump
Jun 29, 2012 4:01:51 AM eu.dime.simpleps.api.EndpointManager registerAllItemsService
INFO: registering all-item for person at dime-communications/api/dime/rest/5b223cde-07e5-4987-b531-231876fa7601/person/@me/@all
Jun 29, 2012 4:01:51 AM eu.dime.simpleps.api.EndpointManager registerSingleItemService
INFO: registering singel-item for person at dime-communications/api/dime/rest/5b223cde-07e5-4987-b531-231876fa7601/person/@me/
Jun 29, 2012 4:01:51 AM eu.dime.model.ModelContext getOwnerStorage
FINE: storage of 5b223cde-07e5-4987-b531-231876fa7601 - @me not existing
Jun 29, 2012 4:01:51 AM eu.dime.model.ModelContext getOwnerStorage
FINE: created new storage for 5b223cde-07e5-4987-b531-231876fa7601 - @me
Jun 29, 2012 4:01:51 AM eu.dime.model.storage.DimeMemory createItem
FINE: create item:31689268-7d41-43c1-8f42-62b649119bcb
Jun 29, 2012 4:01:51 AM eu.dime.model.storage.DimeMemory createItem
FINE: create item:6fd280a5-6d66-40cb-a7b6-59ef6876ea6d
Jun 29, 2012 4:01:51 AM eu.dime.model.storage.DimeMemory createItem
FINE: create item:5e4d2760-e264-426b-8f6a-329df89a9bcc
Jun 29, 2012 4:01:51 AM eu.dime.model.storage.DimeMemory createItem
FINE: create item:0aab7a5e-9206-4301-85f7-da2281ef79d5
Jun 29, 2012 4:01:51 AM eu.dime.model.storage.DimeMemory createItem
FINE: create item:17132181-04c6-4cb9-a00e-ba04adb7a7a0
Jun 29, 2012 4:01:51 AM eu.dime.simpleps.api.EndpointManager registerAllItemsService
INFO: registering all-item for resource at dime-communications/api/dime/rest/5b223cde-07e5-4987-b531-231876fa7601/resource/@me/@all
Jun 29, 2012 4:01:51 AM eu.dime.simpleps.api.EndpointManager registerSingleItemService
INFO: registering singel-item for resource at dime-communications/api/dime/rest/5b223cde-07e5-4987-b531-231876fa7601/resource/@me/
Jun 29, 2012 4:01:51 AM eu.dime.model.storage.DimeMemory createItem
FINE: create item:ff2710ea-5e99-4cae-94ef-5df57072cff0
Jun 29, 2012 4:01:52 AM eu.dime.model.storage.DimeMemory createItem
FINE: create item:cd075fc5-50ce-4020-9e21-bd228de95663
Jun 29, 2012 4:01:52 AM eu.dime.model.storage.DimeMemory createItem
FINE: create item:2ef24a11-b73f-4cca-a57a-c34b3ec4c1b9
Jun 29, 2012 4:01:52 AM eu.dime.model.storage.DimeMemory createItem
FINE: create item:b96f2aef-054e-45c2-ae10-10a5ec505b11
Jun 29, 2012 4:01:52 AM eu.dime.model.storage.DimeMemory createItem
FINE: create item:147592e6-ea50-48e0-961b-3cec5edc5824
Jun 29, 2012 4:01:52 AM eu.dime.simpleps.api.EndpointManager registerAllItemsService
INFO: registering all-item for livepost at dime-communications/api/dime/rest/5b223cde-07e5-4987-b531-231876fa7601/livepost/@me/@all
Jun 29, 2012 4:01:52 AM eu.dime.simpleps.api.EndpointManager registerSingleItemService
INFO: registering singel-item for livepost at dime-communications/api/dime/rest/5b223cde-07e5-4987-b531-231876fa7601/livepost/@me/
Jun 29, 2012 4:01:52 AM eu.dime.model.storage.DimeMemory createItem
FINE: create item:a123aad7-327c-43e8-9873-14ae678702a0
Jun 29, 2012 4:01:52 AM eu.dime.model.storage.DimeMemory createItem
FINE: create item:2729850b-2c65-4116-a4d7-c64b9c808b2f
Jun 29, 2012 4:01:52 AM eu.dime.model.storage.DimeMemory createItem
FINE: create item:f44de1b5-03da-4d61-bac7-4526e41c42b7
Jun 29, 2012 4:01:53 AM eu.dime.model.storage.DimeMemory createItem
FINE: create item:aae578e9-d682-4cfd-85e1-11aac30e7d5e
Jun 29, 2012 4:01:53 AM eu.dime.model.storage.DimeMemory createItem
FINE: create item:b3343372-46dd-40d6-ba04-0485b1fae681
Jun 29, 2012 4:01:53 AM eu.dime.simpleps.api.EndpointManager registerAllItemsService
INFO: registering all-item for notification at dime-communications/api/dime/rest/5b223cde-07e5-4987-b531-231876fa7601/notification/@me/@all
Jun 29, 2012 4:01:53 AM eu.dime.simpleps.api.EndpointManager registerSingleItemService
INFO: registering singel-item for notification at dime-communications/api/dime/rest/5b223cde-07e5-4987-b531-231876fa7601/notification/@me/
Jun 29, 2012 4:01:53 AM eu.dime.model.storage.DimeMemory createItem
FINE: create item:8c625a05-4163-4b4a-9f1e-91128f4d5b1c
Jun 29, 2012 4:01:53 AM eu.dime.model.storage.DimeMemory createItem
FINE: create item:6f01b9da-5362-42a6-b2e1-fe87665601ca
Jun 29, 2012 4:01:53 AM eu.dime.model.storage.DimeMemory createItem
FINE: create item:198b5ff6-1570-4601-a3a3-351e15843cbb
Jun 29, 2012 4:01:53 AM eu.dime.model.storage.DimeMemory createItem
FINE: create item:7ce31260-8e43-4a2d-8771-5377117328f8
Jun 29, 2012 4:01:53 AM eu.dime.model.storage.DimeMemory createItem
FINE: create item:fbcdc322-50b9-4f21-8ffd-7fcbb2f94900
Jun 29, 2012 4:01:54 AM eu.dime.simpleps.api.EndpointManager registerAllItemsService
INFO: registering all-item for profileattribute at dime-communications/api/dime/rest/5b223cde-07e5-4987-b531-231876fa7601/profileattribute/@me/@all
Jun 29, 2012 4:01:54 AM eu.dime.simpleps.api.EndpointManager registerSingleItemService
INFO: registering singel-item for profileattribute at dime-communications/api/dime/rest/5b223cde-07e5-4987-b531-231876fa7601/profileattribute/@me/
Jun 29, 2012 4:01:54 AM eu.dime.model.storage.DimeMemory createItem
FINE: create item:d1f3a79b-037e-432f-8af7-c6ff389f5146
Jun 29, 2012 4:01:54 AM eu.dime.model.storage.DimeMemory createItem
FINE: create item:4825b2e4-4a52-4852-bc81-da4ba481e930
Jun 29, 2012 4:01:54 AM eu.dime.model.storage.DimeMemory createItem
FINE: create item:17124b86-fb96-4c1f-934a-bde4adba4db4
Jun 29, 2012 4:01:54 AM eu.dime.model.storage.DimeMemory createItem
FINE: create item:267a563a-b68d-4107-8b35-8cad78f510f8
Jun 29, 2012 4:01:54 AM eu.dime.model.storage.DimeMemory createItem
FINE: create item:eadc995a-cb31-4503-a219-853b7dd516d1
Jun 29, 2012 4:01:54 AM eu.dime.simpleps.api.EndpointManager registerAllItemsService
INFO: registering all-item for situation at dime-communications/api/dime/rest/5b223cde-07e5-4987-b531-231876fa7601/situation/@me/@all
Jun 29, 2012 4:01:54 AM eu.dime.simpleps.api.EndpointManager registerSingleItemService
INFO: registering singel-item for situation at dime-communications/api/dime/rest/5b223cde-07e5-4987-b531-231876fa7601/situation/@me/
Jun 29, 2012 4:01:54 AM eu.dime.model.storage.DimeMemory createItem
FINE: create item:f83ce384-05cf-499a-bedb-297c87993776
Jun 29, 2012 4:01:55 AM eu.dime.model.storage.DimeMemory createItem
FINE: create item:9ff306f9-eb5c-4881-ade5-5c2b4cde2847
Jun 29, 2012 4:01:55 AM eu.dime.model.storage.DimeMemory createItem
FINE: create item:078df2c7-a39a-4181-b1ad-8a8f90623feb
Jun 29, 2012 4:01:55 AM eu.dime.model.storage.DimeMemory createItem
FINE: create item:365edc2c-0378-48ef-a1bb-d2ea6868e415
Jun 29, 2012 4:01:55 AM eu.dime.model.storage.DimeMemory createItem
FINE: create item:ec9afa39-057b-4fe7-a18b-68690509d18a
Jun 29, 2012 4:01:55 AM eu.dime.simpleps.api.EndpointManager registerAllItemsService
INFO: registering all-item for event at dime-communications/api/dime/rest/5b223cde-07e5-4987-b531-231876fa7601/event/@me/@all
Jun 29, 2012 4:01:55 AM eu.dime.simpleps.api.EndpointManager registerSingleItemService
INFO: registering singel-item for event at dime-communications/api/dime/rest/5b223cde-07e5-4987-b531-231876fa7601/event/@me/
Jun 29, 2012 4:01:55 AM eu.dime.model.storage.DimeMemory createItem
FINE: create item:f94053bc-6dff-4d4e-9b5b-fdc5d630068b
Jun 29, 2012 4:01:55 AM eu.dime.model.storage.DimeMemory createItem
FINE: create item:e76cafdb-ba04-415a-9e34-2de421383ff9
Jun 29, 2012 4:01:55 AM eu.dime.model.storage.DimeMemory createItem
FINE: create item:ae39db8a-566d-41d2-ada6-44ad9a4174ff
Jun 29, 2012 4:01:56 AM eu.dime.model.storage.DimeMemory createItem
FINE: create item:bc50bd0f-ca2d-4e4a-85ff-44da9e73cc00
Jun 29, 2012 4:01:56 AM eu.dime.model.storage.DimeMemory createItem
FINE: create item:92e0a62f-82e7-409f-b3e8-d15814e496b7
Jun 29, 2012 4:01:56 AM eu.dime.simpleps.api.EndpointManager registerAllItemsService
INFO: registering all-item for serviceadapter at dime-communications/api/dime/rest/5b223cde-07e5-4987-b531-231876fa7601/serviceadapter/@me/@all
Jun 29, 2012 4:01:56 AM eu.dime.simpleps.api.EndpointManager registerSingleItemService
INFO: registering singel-item for serviceadapter at dime-communications/api/dime/rest/5b223cde-07e5-4987-b531-231876fa7601/serviceadapter/@me/
Jun 29, 2012 4:01:56 AM eu.dime.model.storage.DimeMemory createItem
FINE: create item:946a7d59-9b67-4c74-b2bf-cc38abd62a8f
Jun 29, 2012 4:01:56 AM eu.dime.model.storage.DimeMemory createItem
FINE: create item:2f3f85d6-daeb-4c40-b6f0-3e812265a11b
Jun 29, 2012 4:01:56 AM eu.dime.model.storage.DimeMemory createItem
FINE: create item:7344e257-00f0-4ab8-87c7-9f89df18d7dd
Jun 29, 2012 4:01:56 AM eu.dime.model.storage.DimeMemory createItem
FINE: create item:2bcca02f-4f38-4941-b4d8-3afc92bcf6f3
Jun 29, 2012 4:01:56 AM eu.dime.model.storage.DimeMemory createItem
FINE: create item:2adf4ae3-2731-41fd-a8c4-eda0a6ca7f36
Jun 29, 2012 4:01:57 AM eu.dime.simpleps.api.EndpointManager registerAllItemsService
INFO: registering all-item for device at dime-communications/api/dime/rest/5b223cde-07e5-4987-b531-231876fa7601/device/@me/@all
Jun 29, 2012 4:01:57 AM eu.dime.simpleps.api.EndpointManager registerSingleItemService
INFO: registering singel-item for device at dime-communications/api/dime/rest/5b223cde-07e5-4987-b531-231876fa7601/device/@me/
Jun 29, 2012 4:01:57 AM eu.dime.model.storage.DimeMemory createItem
FINE: create item:34227bd7-5877-4c9d-a2a6-1672e62e85a7
Jun 29, 2012 4:01:57 AM eu.dime.model.storage.DimeMemory createItem
FINE: create item:e9077d82-793a-4f5c-85df-45a65390b3ab
Jun 29, 2012 4:01:57 AM eu.dime.model.storage.DimeMemory createItem
FINE: create item:2678db49-cb74-454c-8f3d-465e16a31a73
Jun 29, 2012 4:01:57 AM eu.dime.model.storage.DimeMemory createItem
FINE: create item:9a638d1f-1cb2-47c6-8af3-fe9221f9ffbc
Jun 29, 2012 4:01:57 AM eu.dime.model.storage.DimeMemory createItem
FINE: create item:1dd13cea-f27a-4c22-8787-f3a820a591c7
Jun 29, 2012 4:01:57 AM eu.dime.simpleps.api.EndpointManager registerAllItemsService
INFO: registering all-item for context at dime-communications/api/dime/rest/5b223cde-07e5-4987-b531-231876fa7601/context/@me/@all
Jun 29, 2012 4:01:57 AM eu.dime.simpleps.api.EndpointManager registerSingleItemService
INFO: registering singel-item for context at dime-communications/api/dime/rest/5b223cde-07e5-4987-b531-231876fa7601/context/@me/
Jun 29, 2012 4:01:57 AM eu.dime.simpleps.api.EndpointManager registerAllItemsService
INFO: registering all-item for evaluation at dime-communications/api/dime/rest/5b223cde-07e5-4987-b531-231876fa7601/evaluation/@me/@all
Jun 29, 2012 4:01:57 AM eu.dime.simpleps.api.EndpointManager registerSingleItemService
INFO: registering singel-item for evaluation at dime-communications/api/dime/rest/5b223cde-07e5-4987-b531-231876fa7601/evaluation/@me/
Jun 29, 2012 4:01:57 AM eu.dime.simpleps.api.EndpointManager registerAllItemsService
INFO: registering all-item for place at dime-communications/api/dime/rest/5b223cde-07e5-4987-b531-231876fa7601/place/@me/@all
Jun 29, 2012 4:01:57 AM eu.dime.simpleps.api.EndpointManager registerSingleItemService
INFO: registering singel-item for place at dime-communications/api/dime/rest/5b223cde-07e5-4987-b531-231876fa7601/place/@me/
Jun 29, 2012 4:01:57 AM eu.dime.model.storage.DimeMemory createItem
FINE: create item:1f4b6bc3-8c11-4c2b-b89f-b05cb579c315
Jun 29, 2012 4:01:57 AM eu.dime.model.storage.DimeMemory createItem
FINE: create item:c1f3971f-d878-43c9-a291-d06028db8238
Jun 29, 2012 4:01:58 AM eu.dime.model.storage.DimeMemory createItem
FINE: create item:3d1fd8cf-4639-455c-b3e0-2c3c0980a472
Jun 29, 2012 4:01:58 AM eu.dime.model.storage.DimeMemory createItem
FINE: create item:16a374a7-8ab9-40eb-8785-f637004e4084
Jun 29, 2012 4:01:58 AM eu.dime.model.storage.DimeMemory createItem
FINE: create item:edf3cdff-d3d9-4384-84c6-e22c19ab7c1c
Jun 29, 2012 4:01:58 AM eu.dime.simpleps.api.EndpointManager registerAllItemsService
INFO: registering all-item for group at dime-communications/api/dime/rest/5b223cde-07e5-4987-b531-231876fa7601/group/@me/@all
Jun 29, 2012 4:01:58 AM eu.dime.simpleps.api.EndpointManager registerSingleItemService
INFO: registering singel-item for group at dime-communications/api/dime/rest/5b223cde-07e5-4987-b531-231876fa7601/group/@me/
Jun 29, 2012 4:01:58 AM eu.dime.model.storage.DimeMemory createItem
FINE: create item:46bb05c0-f7ba-4f4d-80ae-be225aaceab3
Jun 29, 2012 4:01:58 AM eu.dime.model.storage.DimeMemory createItem
FINE: create item:47073a7f-d94b-4b17-9ab2-d0ba4f5aa782
Jun 29, 2012 4:01:58 AM eu.dime.model.storage.DimeMemory createItem
FINE: create item:3f5232bd-601c-4f91-b6da-3ebb84c72be2
Jun 29, 2012 4:01:59 AM eu.dime.model.storage.DimeMemory createItem
FINE: create item:546dd395-93fb-4552-8a41-d9035ac86a31
Jun 29, 2012 4:01:59 AM eu.dime.model.storage.DimeMemory createItem
FINE: create item:dda5c84f-90e8-4017-ac03-f6687b48d0b7
Jun 29, 2012 4:01:59 AM eu.dime.simpleps.api.EndpointManager registerAllItemsService
INFO: registering all-item for databox at dime-communications/api/dime/rest/5b223cde-07e5-4987-b531-231876fa7601/databox/@me/@all
Jun 29, 2012 4:01:59 AM eu.dime.simpleps.api.EndpointManager registerSingleItemService
INFO: registering singel-item for databox at dime-communications/api/dime/rest/5b223cde-07e5-4987-b531-231876fa7601/databox/@me/
Jun 29, 2012 4:01:59 AM eu.dime.model.storage.DimeMemory createItem
FINE: create item:7741e2d8-f1ef-473e-a0cc-78c67d2c909d
Jun 29, 2012 4:01:59 AM eu.dime.model.storage.DimeMemory createItem
FINE: create item:fb3e4785-7601-49f6-81b1-f6d9596e4386
Jun 29, 2012 4:01:59 AM eu.dime.model.storage.DimeMemory createItem
FINE: create item:6cbf0534-96ee-4eac-8f93-7c9e136256a6
Jun 29, 2012 4:01:59 AM eu.dime.model.storage.DimeMemory createItem
FINE: create item:114f0981-bde3-430b-ab30-0745de07ddbe
Jun 29, 2012 4:02:00 AM eu.dime.model.storage.DimeMemory createItem
FINE: create item:78a676dc-bc6d-4665-ab11-b5f094cf0a14
Jun 29, 2012 4:02:00 AM eu.dime.simpleps.api.EndpointManager registerAllItemsService
INFO: registering all-item for livestream at dime-communications/api/dime/rest/5b223cde-07e5-4987-b531-231876fa7601/livestream/@me/@all
Jun 29, 2012 4:02:00 AM eu.dime.simpleps.api.EndpointManager registerSingleItemService
INFO: registering singel-item for livestream at dime-communications/api/dime/rest/5b223cde-07e5-4987-b531-231876fa7601/livestream/@me/
Jun 29, 2012 4:02:00 AM eu.dime.model.storage.DimeMemory createItem
FINE: create item:1a2d7325-1332-48a2-8a65-e33be3edbe0f
Jun 29, 2012 4:02:00 AM eu.dime.model.storage.DimeMemory createItem
FINE: create item:ea285b0e-58ee-4000-8d9a-9485c6c25673
Jun 29, 2012 4:02:00 AM eu.dime.model.storage.DimeMemory createItem
FINE: create item:d74b36c6-e9e5-48f2-9b22-d8a0c6a9bdc1
Jun 29, 2012 4:02:00 AM eu.dime.model.storage.DimeMemory createItem
FINE: create item:14ec11df-eaf3-4086-b8f4-454bb91a32fd
Jun 29, 2012 4:02:00 AM eu.dime.model.storage.DimeMemory createItem
FINE: create item:e399e28d-58cc-4af0-b3b0-f959932ad07a
Jun 29, 2012 4:02:00 AM eu.dime.simpleps.api.EndpointManager registerAllItemsService
INFO: registering all-item for profile at dime-communications/api/dime/rest/5b223cde-07e5-4987-b531-231876fa7601/profile/@me/@all
Jun 29, 2012 4:02:00 AM eu.dime.simpleps.api.EndpointManager registerSingleItemService
INFO: registering singel-item for profile at dime-communications/api/dime/rest/5b223cde-07e5-4987-b531-231876fa7601/profile/@me/
Jun 29, 2012 4:02:00 AM eu.dime.model.storage.DimeMemory createItem
FINE: create item:6c4d0044-81ea-426a-931b-5cfc29c241f9
Jun 29, 2012 4:02:01 AM eu.dime.model.storage.DimeMemory createItem
FINE: create item:3ab7ee8d-6c71-4ad2-b90c-365522be0191
Jun 29, 2012 4:02:01 AM eu.dime.model.storage.DimeMemory createItem
FINE: create item:dc289942-9813-4723-9517-0166a749802e
Jun 29, 2012 4:02:01 AM eu.dime.model.storage.DimeMemory createItem
FINE: create item:415502e2-8a6b-4ab5-b509-84ebaf6870ad
Jun 29, 2012 4:02:01 AM eu.dime.model.storage.DimeMemory createItem
FINE: create item:f3bde60f-f6ff-4b3e-94ee-203ebf0762cc
Jun 29, 2012 4:02:01 AM eu.dime.model.storage.DimeMemory createItem
FINE: create item:c4126616-05fb-4957-bc8c-0ef18e1d3ccb
Jun 29, 2012 4:02:01 AM sit.web.WebServer log
FINE: init webserver
Jun 29, 2012 4:02:01 AM sit.web.WebServer run
INFO: Server is listening at port: 8080
Jun 29, 2012 4:02:01 AM sit.web.WebServer run
INFO: Root is set to: /home/simon/digital_me/code/WP6/trunk/dime-client-model/resources/www
Jun 29, 2012 4:02:08 AM sit.web.HTTPParser getHeaderAndBody
FINE: httpCommand:GET
Jun 29, 2012 4:02:08 AM sit.web.WebWorker handleClient
FINE: found service:dime-communications/push/5b223cde-07e5-4987-b531-231876fa7601/@comet
Jun 29, 2012 4:02:08 AM sit.web.WebWorker printDynamicPage
FINE: content:
{"response":{"meta":{"v":"0.9", "status":"ok", "code":200, "timeRef":1340935328282, "msg":""}, "data":{"startIndex":0, "itemsPerPage":1, "totalResults":1, "entry":[{"guid":"c4126616-05fb-4957-bc8c-0ef18e1d3ccb", "type":"notification", "lastModified":1340935321669, "name":"TestName", "imageUrl":"http://lorempixel.com/200/200/abstract/7/", "userId":"@me", "items":[], "SAIdSender":"", "operation":"", "element":{"guid":"", "name":"", "type":"", "userId":""}, "sentTo":[], "nao:includes":[], "nao:excludes":[]}]}}}
Jun 29, 2012 4:02:08 AM sit.web.HTTPParser getHeaderAndBody
FINE: httpCommand:GET
Jun 29, 2012 4:02:08 AM sit.web.WebWorker handleClient
FINE: found service:dime-communications/push/5b223cde-07e5-4987-b531-231876fa7601/@comet
Jun 29, 2012 4:02:11 AM eu.dime.model.storage.DimeMemory createItem
FINE: create item:68c855b1-34a2-4334-98ce-900de6529c9d
Jun 29, 2012 4:02:11 AM sit.web.WebWorker printDynamicPage
FINE: content:
{"response":{"meta":{"v":"0.9", "status":"ok", "code":200, "timeRef":1340935331949, "msg":""}, "data":{"startIndex":0, "itemsPerPage":1, "totalResults":1, "entry":[{"guid":"68c855b1-34a2-4334-98ce-900de6529c9d", "type":"notification", "lastModified":1340935331762, "name":"TestName", "imageUrl":"http://lorempixel.com/200/200/abstract/2/", "userId":"@me", "items":[], "SAIdSender":"", "operation":"", "element":{"guid":"", "name":"", "type":"", "userId":""}, "sentTo":[], "nao:includes":[], "nao:excludes":[]}]}}}
Jun 29, 2012 4:02:12 AM sit.web.HTTPParser getHeaderAndBody
FINE: httpCommand:GET
Jun 29, 2012 4:02:12 AM sit.web.WebWorker handleClient
FINE: found service:dime-communications/push/5b223cde-07e5-4987-b531-231876fa7601/@comet
Jun 29, 2012 4:02:21 AM eu.dime.model.storage.DimeMemory createItem
FINE: create item:fa3a80dd-2665-473a-9d3e-e0898e6af595
Jun 29, 2012 4:02:21 AM sit.web.WebWorker printDynamicPage
FINE: content:
{"response":{"meta":{"v":"0.9", "status":"ok", "code":200, "timeRef":1340935341951, "msg":""}, "data":{"startIndex":0, "itemsPerPage":1, "totalResults":1, "entry":[{"guid":"fa3a80dd-2665-473a-9d3e-e0898e6af595", "type":"notification", "lastModified":1340935341853, "name":"TestName", "imageUrl":"http://lorempixel.com/200/200/abstract/6/", "userId":"@me", "items":[], "SAIdSender":"", "operation":"", "element":{"guid":"", "name":"", "type":"", "userId":""}, "sentTo":[], "nao:includes":[], "nao:excludes":[]}]}}}
Jun 29, 2012 4:02:22 AM sit.web.HTTPParser getHeaderAndBody
FINE: httpCommand:GET
Jun 29, 2012 4:02:22 AM sit.web.WebWorker handleClient
FINE: found service:dime-communications/push/5b223cde-07e5-4987-b531-231876fa7601/@comet
Jun 29, 2012 4:02:31 AM eu.dime.model.storage.DimeMemory createItem
FINE: create item:b519347a-9193-4e4e-9203-46e2e7032fc8
Jun 29, 2012 4:02:32 AM sit.web.WebWorker printDynamicPage
FINE: content:
{"response":{"meta":{"v":"0.9", "status":"ok", "code":200, "timeRef":1340935352210, "msg":""}, "data":{"startIndex":0, "itemsPerPage":1, "totalResults":1, "entry":[{"guid":"b519347a-9193-4e4e-9203-46e2e7032fc8", "type":"notification", "lastModified":1340935351945, "name":"TestName", "imageUrl":"http://lorempixel.com/200/200/abstract/7/", "userId":"@me", "items":[], "SAIdSender":"", "operation":"", "element":{"guid":"", "name":"", "type":"", "userId":""}, "sentTo":[], "nao:includes":[], "nao:excludes":[]}]}}}
Jun 29, 2012 4:02:32 AM sit.web.HTTPParser getHeaderAndBody
FINE: httpCommand:GET
Jun 29, 2012 4:02:32 AM sit.web.WebWorker handleClient
FINE: found service:dime-communications/push/5b223cde-07e5-4987-b531-231876fa7601/@comet
Jun 29, 2012 4:02:37 AM sit.web.HTTPParser getHeaderAndBody
FINE: httpCommand:GET
Jun 29, 2012 4:02:37 AM sit.web.WebWorker handleClient
FINE: found service:dime-communications/api/dime/rest/5b223cde-07e5-4987-b531-231876fa7601/person/@me/@all
Jun 29, 2012 4:02:37 AM eu.dime.simpleps.api.HandleCollectionItemService handleCall
INFO: handle collection call:
GET dime-communications/api/dime/rest/5b223cde-07e5-4987-b531-231876fa7601/person/@me/@all
Header:
GET /dime-communications/api/dime/rest/5b223cde-07e5-4987-b531-231876fa7601/person/@me/@all HTTP/1.1
User-Agent: Dalvik/1.2.0 (Linux; U; Android 2.2; sdk Build/FRF91)
content-type: application/json; charset=UTF-8
host: 192.168.1.44
Connection: Keep-Alive


Jun 29, 2012 4:02:37 AM sit.web.WebWorker printDynamicPage
FINE: content:
{"response":{"meta":{"v":"0.9", "status":"ok", "code":200, "timeRef":1340935357421, "msg":""}, "data":{"startIndex":0, "itemsPerPage":5, "totalResults":5, "entry":[{"guid":"6fd280a5-6d66-40cb-a7b6-59ef6876ea6d", "type":"person", "lastModified":1340935311260, "name":"TestName", "imageUrl":"http://lorempixel.com/200/200/people/2/", "userId":"@me", "items":[], "nao:trustLevel":0.5},{"guid":"5e4d2760-e264-426b-8f6a-329df89a9bcc", "type":"person", "lastModified":1340935311443, "name":"TestName", "imageUrl":"http://lorempixel.com/200/200/people/2/", "userId":"@me", "items":[], "nao:trustLevel":0.5},{"guid":"0aab7a5e-9206-4301-85f7-da2281ef79d5", "type":"person", "lastModified":1340935311535, "name":"TestName", "imageUrl":"http://lorempixel.com/200/200/people/2/", "userId":"@me", "items":[], "nao:trustLevel":0.5},{"guid":"17132181-04c6-4cb9-a00e-ba04adb7a7a0", "type":"person", "lastModified":1340935311718, "name":"TestName", "imageUrl":"http://lorempixel.com/200/200/people/7/", "userId":"@me", "items":[], "nao:trustLevel":0.5},{"guid":"31689268-7d41-43c1-8f42-62b649119bcb", "type":"person", "lastModified":1340935311073, "name":"TestName", "imageUrl":"http://lorempixel.com/200/200/people/4/", "userId":"@me", "items":[], "nao:trustLevel":0.5}]}}}
Jun 29, 2012 4:02:40 AM sit.web.HTTPParser getHeaderAndBody
FINE: httpCommand:GET
Jun 29, 2012 4:02:40 AM sit.web.WebWorker handleClient
FINE: found service:dime-communications/api/dime/rest/5b223cde-07e5-4987-b531-231876fa7601/group/@me/@all
Jun 29, 2012 4:02:40 AM eu.dime.simpleps.api.HandleCollectionItemService handleCall
INFO: handle collection call:
GET dime-communications/api/dime/rest/5b223cde-07e5-4987-b531-231876fa7601/group/@me/@all
Header:
GET /dime-communications/api/dime/rest/5b223cde-07e5-4987-b531-231876fa7601/group/@me/@all HTTP/1.1
User-Agent: Dalvik/1.2.0 (Linux; U; Android 2.2; sdk Build/FRF91)
content-type: application/json; charset=UTF-8
host: 192.168.1.44
Connection: Keep-Alive


Jun 29, 2012 4:02:40 AM sit.web.WebWorker printDynamicPage
FINE: content:
{"response":{"meta":{"v":"0.9", "status":"ok", "code":200, "timeRef":1340935360794, "msg":""}, "data":{"startIndex":0, "itemsPerPage":5, "totalResults":5, "entry":[{"guid":"546dd395-93fb-4552-8a41-d9035ac86a31", "type":"group", "lastModified":1340935319096, "name":"TestName", "imageUrl":"http://lorempixel.com/200/200/abstract/9/", "userId":"@me", "items":["6fd280a5-6d66-40cb-a7b6-59ef6876ea6d","5e4d2760-e264-426b-8f6a-329df89a9bcc","0aab7a5e-9206-4301-85f7-da2281ef79d5","17132181-04c6-4cb9-a00e-ba04adb7a7a0","31689268-7d41-43c1-8f42-62b649119bcb"], "nao:trustLevel":-1.0},{"guid":"46bb05c0-f7ba-4f4d-80ae-be225aaceab3", "type":"group", "lastModified":1340935318639, "name":"TestName", "imageUrl":"http://lorempixel.com/200/200/abstract/2/", "userId":"@me", "items":["6fd280a5-6d66-40cb-a7b6-59ef6876ea6d","5e4d2760-e264-426b-8f6a-329df89a9bcc","0aab7a5e-9206-4301-85f7-da2281ef79d5","17132181-04c6-4cb9-a00e-ba04adb7a7a0","31689268-7d41-43c1-8f42-62b649119bcb"], "nao:trustLevel":-1.0},{"guid":"3f5232bd-601c-4f91-b6da-3ebb84c72be2", "type":"group", "lastModified":1340935318914, "name":"TestName", "imageUrl":"http://lorempixel.com/200/200/abstract/9/", "userId":"@me", "items":["6fd280a5-6d66-40cb-a7b6-59ef6876ea6d","5e4d2760-e264-426b-8f6a-329df89a9bcc","0aab7a5e-9206-4301-85f7-da2281ef79d5","17132181-04c6-4cb9-a00e-ba04adb7a7a0","31689268-7d41-43c1-8f42-62b649119bcb"], "nao:trustLevel":-1.0},{"guid":"dda5c84f-90e8-4017-ac03-f6687b48d0b7", "type":"group", "lastModified":1340935319278, "name":"TestName", "imageUrl":"http://lorempixel.com/200/200/abstract/8/", "userId":"@me", "items":["6fd280a5-6d66-40cb-a7b6-59ef6876ea6d","5e4d2760-e264-426b-8f6a-329df89a9bcc","0aab7a5e-9206-4301-85f7-da2281ef79d5","17132181-04c6-4cb9-a00e-ba04adb7a7a0","31689268-7d41-43c1-8f42-62b649119bcb"], "nao:trustLevel":-1.0},{"guid":"47073a7f-d94b-4b17-9ab2-d0ba4f5aa782", "type":"group", "lastModified":1340935318821, "name":"TestName", "imageUrl":"http://lorempixel.com/200/200/abstract/7/", "userId":"@me", "items":["6fd280a5-6d66-40cb-a7b6-59ef6876ea6d","5e4d2760-e264-426b-8f6a-329df89a9bcc","0aab7a5e-9206-4301-85f7-da2281ef79d5","17132181-04c6-4cb9-a00e-ba04adb7a7a0","31689268-7d41-43c1-8f42-62b649119bcb"], "nao:trustLevel":-1.0}]}}}
Jun 29, 2012 4:02:42 AM eu.dime.model.storage.DimeMemory createItem
FINE: create item:aec9321d-a4a7-411f-8573-5c668c9fc9e9
Jun 29, 2012 4:02:42 AM sit.web.WebWorker printDynamicPage
FINE: content:
{"response":{"meta":{"v":"0.9", "status":"ok", "code":200, "timeRef":1340935362348, "msg":""}, "data":{"startIndex":0, "itemsPerPage":1, "totalResults":1, "entry":[{"guid":"aec9321d-a4a7-411f-8573-5c668c9fc9e9", "type":"notification", "lastModified":1340935362127, "name":"TestName", "imageUrl":"http://lorempixel.com/200/200/abstract/1/", "userId":"@me", "items":[], "SAIdSender":"", "operation":"", "element":{"guid":"", "name":"", "type":"", "userId":""}, "sentTo":[], "nao:includes":[], "nao:excludes":[]}]}}}
Jun 29, 2012 4:02:42 AM sit.web.HTTPParser getHeaderAndBody
FINE: httpCommand:GET
Jun 29, 2012 4:02:42 AM sit.web.WebWorker handleClient
FINE: found service:dime-communications/push/5b223cde-07e5-4987-b531-231876fa7601/@comet
Jun 29, 2012 4:02:47 AM sit.web.HTTPParser getHeaderAndBody
FINE: httpCommand:GET
Jun 29, 2012 4:02:47 AM sit.web.WebWorker printHeaders
FINE: From 192.168.1.44: GET /home/simon/digital_me/code/WP6/trunk/dime-client-model/resources/www/dime-communications/api/dime/rest/5b223cde-07e5-4987-b531-231876fa7601/profile/6fd280a5-6d66-40cb-a7b6-59ef6876ea6d/@all-->404
Jun 29, 2012 4:02:52 AM eu.dime.model.storage.DimeMemory createItem
FINE: create item:18abefb8-d5c3-4c05-93de-997664b03a09
Jun 29, 2012 4:02:52 AM sit.web.WebWorker printDynamicPage
FINE: content:
{"response":{"meta":{"v":"0.9", "status":"ok", "code":200, "timeRef":1340935372439, "msg":""}, "data":{"startIndex":0, "itemsPerPage":1, "totalResults":1, "entry":[{"guid":"18abefb8-d5c3-4c05-93de-997664b03a09", "type":"notification", "lastModified":1340935372310, "name":"TestName", "imageUrl":"http://lorempixel.com/200/200/abstract/9/", "userId":"@me", "items":[], "SAIdSender":"", "operation":"", "element":{"guid":"", "name":"", "type":"", "userId":""}, "sentTo":[], "nao:includes":[], "nao:excludes":[]}]}}}
Jun 29, 2012 4:02:52 AM sit.web.HTTPParser getHeaderAndBody
FINE: httpCommand:GET
Jun 29, 2012 4:02:52 AM sit.web.WebWorker handleClient
FINE: found service:dime-communications/push/5b223cde-07e5-4987-b531-231876fa7601/@comet
Jun 29, 2012 4:02:59 AM sit.web.HTTPParser getHeaderAndBody
FINE: httpCommand:POST
Jun 29, 2012 4:02:59 AM sit.web.HTTPParser getHeaderAndBody
FINE: contentLength:null(9223372036854775807)
Jun 29, 2012 4:02:59 AM sit.web.HTTPParser proceedToRead
WARNING: connection timed out!
Jun 29, 2012 4:02:59 AM sit.web.HTTPParser getHeaderAndBody
FINE: read 0 body data
Jun 29, 2012 4:02:59 AM sit.web.WebWorker handleClient
FINE: found service:dime-communications/api/dime/rest/5b223cde-07e5-4987-b531-231876fa7601/group/@me/
Jun 29, 2012 4:02:59 AM eu.dime.simpleps.api.HandleSingleItemService handleCall
INFO: handling single call:
POST dime-communications/api/dime/rest/5b223cde-07e5-4987-b531-231876fa7601/group/@me/
Header:
User-Agent: Dalvik/1.2.0 (Linux; U; Android 2.2; sdk Build/FRF91)
content-type: application/json; charset=UTF-8
host: 192.168.1.44
content-length: 344
POST /dime-communications/api/dime/rest/5b223cde-07e5-4987-b531-231876fa7601/group/@me/ HTTP/1.1
Connection: Keep-Alive





Jun 29, 2012 4:02:59 AM eu.dime.simpleps.api.HandleSingleItemService logExceptionAndPrepareErrorMessage
SEVERE: Server Error: curC>text.length() - reached end of text when looking for }
key:root
text:
:
sit.json.JSONParser.getNextObject(JSONParser.java:82)
sit.json.JSONParser.parseJSON(JSONParser.java:186)
eu.dime.simpleps.api.HandleSingleItemService.handleCall(HandleSingleItemService.java:87)
sit.web.WebWorker.handleClient(WebWorker.java:158)
sit.web.WebWorker.run(WebWorker.java:71)
java.lang.Thread.run(Thread.java:722)

Jun 29, 2012 4:02:59 AM sit.web.WebWorker printDynamicPage
FINE: content:
{"response":{"meta":{"v":"0.9", "status":"error", "code":200, "timeRef":1340935379709, "msg":"Error when accessing dime-communications/api/dime/rest/5b223cde-07e5-4987-b531-231876fa7601/group/@me/ (group) Message: Server Error: curC>text.length() - reached end of text when looking for }\u000Akey:root\u000Atext:\u000A:\u000Asit.json.JSONParser.getNextObject(JSONParser.java:82)\u000Asit.json.JSONParser.parseJSON(JSONParser.java:186)\u000Aeu.dime.simpleps.api.HandleSingleItemService.handleCall(HandleSingleItemService.java:87)\u000Asit.web.WebWorker.handleClient(WebWorker.java:158)\u000Asit.web.WebWorker.run(WebWorker.java:71)\u000Ajava.lang.Thread.run(Thread.java:722)\u000A"}, "data":{"startIndex":0, "itemsPerPage":0, "totalResults":0, "entry":[]}}}
Jun 29, 2012 4:03:02 AM eu.dime.model.storage.DimeMemory createItem
FINE: create item:346b2ee8-8d35-4f86-9a60-edf5edc7e92f
Jun 29, 2012 4:03:02 AM sit.web.WebWorker printDynamicPage
FINE: content:
{"response":{"meta":{"v":"0.9", "status":"ok", "code":200, "timeRef":1340935382657, "msg":""}, "data":{"startIndex":0, "itemsPerPage":1, "totalResults":1, "entry":[{"guid":"346b2ee8-8d35-4f86-9a60-edf5edc7e92f", "type":"notification", "lastModified":1340935382401, "name":"TestName", "imageUrl":"http://lorempixel.com/200/200/abstract/9/", "userId":"@me", "items":[], "SAIdSender":"", "operation":"", "element":{"guid":"", "name":"", "type":"", "userId":""}, "sentTo":[], "nao:includes":[], "nao:excludes":[]}]}}}
Jun 29, 2012 4:03:12 AM eu.dime.model.storage.DimeMemory createItem
FINE: create item:2bbc2099-16d4-4822-9f28-9bb33dcd2572
Jun 29, 2012 4:03:22 AM eu.dime.model.storage.DimeMemory createItem
FINE: create item:95e5e15d-66f2-4d78-85fa-636c515a0fdb
Jun 29, 2012 4:03:32 AM eu.dime.model.storage.DimeMemory createItem
FINE: create item:865e211f-2dd7-458f-bca3-a8ee656f3ea7
Jun 29, 2012 4:03:42 AM eu.dime.model.storage.DimeMemory createItem
FINE: create item:c60c0674-07e3-4426-b8cb-cc5300cf3d60
Jun 29, 2012 4:03:53 AM eu.dime.model.storage.DimeMemory createItem
FINE: create item:d55e32ef-08dc-444e-acb7-7094d829f88c
Jun 29, 2012 4:04:00 AM sit.web.HTTPParser getHeaderAndBody
FINE: httpCommand:GET
Jun 29, 2012 4:04:00 AM sit.web.WebWorker handleClient
FINE: found service:dime-communications/push/5b223cde-07e5-4987-b531-231876fa7601/@comet
Jun 29, 2012 4:04:00 AM sit.web.WebWorker printDynamicPage
FINE: content:
{"response":{"meta":{"v":"0.9", "status":"ok", "code":200, "timeRef":1340935440090, "msg":""}, "data":{"startIndex":0, "itemsPerPage":1, "totalResults":1, "entry":[{"guid":"2bbc2099-16d4-4822-9f28-9bb33dcd2572", "type":"notification", "lastModified":1340935392583, "name":"TestName", "imageUrl":"http://lorempixel.com/200/200/abstract/5/", "userId":"@me", "items":[], "SAIdSender":"", "operation":"", "element":{"guid":"", "name":"", "type":"", "userId":""}, "sentTo":[], "nao:includes":[], "nao:excludes":[]}]}}}
Jun 29, 2012 4:04:00 AM sit.web.HTTPParser getHeaderAndBody
FINE: httpCommand:GET
Jun 29, 2012 4:04:00 AM sit.web.WebWorker handleClient
FINE: found service:dime-communications/api/dime/rest/5b223cde-07e5-4987-b531-231876fa7601/system/ping
Jun 29, 2012 4:04:00 AM eu.dime.simpleps.api.HandlePingService handleCall
FINE: received ping
Jun 29, 2012 4:04:00 AM sit.web.WebWorker printDynamicPage
FINE: content:
pong.
Jun 29, 2012 4:04:00 AM sit.web.HTTPParser getHeaderAndBody
FINE: httpCommand:GET
Jun 29, 2012 4:04:00 AM sit.web.WebWorker handleClient
FINE: found service:dime-communications/push/5b223cde-07e5-4987-b531-231876fa7601/@comet
Jun 29, 2012 4:04:00 AM sit.web.WebWorker printDynamicPage
FINE: content:
{"response":{"meta":{"v":"0.9", "status":"ok", "code":200, "timeRef":1340935440511, "msg":""}, "data":{"startIndex":0, "itemsPerPage":1, "totalResults":1, "entry":[{"guid":"95e5e15d-66f2-4d78-85fa-636c515a0fdb", "type":"notification", "lastModified":1340935402674, "name":"TestName", "imageUrl":"http://lorempixel.com/200/200/abstract/8/", "userId":"@me", "items":[], "SAIdSender":"", "operation":"", "element":{"guid":"", "name":"", "type":"", "userId":""}, "sentTo":[], "nao:includes":[], "nao:excludes":[]}]}}}
Jun 29, 2012 4:04:00 AM sit.web.HTTPParser getHeaderAndBody
FINE: httpCommand:GET
Jun 29, 2012 4:04:00 AM sit.web.WebWorker handleClient
FINE: found service:dime-communications/api/dime/rest/5b223cde-07e5-4987-b531-231876fa7601/person/@me/@all
Jun 29, 2012 4:04:00 AM eu.dime.simpleps.api.HandleCollectionItemService handleCall
INFO: handle collection call:
GET dime-communications/api/dime/rest/5b223cde-07e5-4987-b531-231876fa7601/person/@me/@all
Header:
GET /dime-communications/api/dime/rest/5b223cde-07e5-4987-b531-231876fa7601/person/@me/@all HTTP/1.1
User-Agent: Dalvik/1.2.0 (Linux; U; Android 2.2; sdk Build/FRF91)
content-type: application/json; charset=UTF-8
host: 192.168.1.44
Connection: Keep-Alive


Jun 29, 2012 4:04:00 AM sit.web.WebWorker printDynamicPage
FINE: content:
{"response":{"meta":{"v":"0.9", "status":"ok", "code":200, "timeRef":1340935440528, "msg":""}, "data":{"startIndex":0, "itemsPerPage":5, "totalResults":5, "entry":[{"guid":"6fd280a5-6d66-40cb-a7b6-59ef6876ea6d", "type":"person", "lastModified":1340935311260, "name":"TestName", "imageUrl":"http://lorempixel.com/200/200/people/2/", "userId":"@me", "items":[], "nao:trustLevel":0.5},{"guid":"5e4d2760-e264-426b-8f6a-329df89a9bcc", "type":"person", "lastModified":1340935311443, "name":"TestName", "imageUrl":"http://lorempixel.com/200/200/people/2/", "userId":"@me", "items":[], "nao:trustLevel":0.5},{"guid":"0aab7a5e-9206-4301-85f7-da2281ef79d5", "type":"person", "lastModified":1340935311535, "name":"TestName", "imageUrl":"http://lorempixel.com/200/200/people/2/", "userId":"@me", "items":[], "nao:trustLevel":0.5},{"guid":"17132181-04c6-4cb9-a00e-ba04adb7a7a0", "type":"person", "lastModified":1340935311718, "name":"TestName", "imageUrl":"http://lorempixel.com/200/200/people/7/", "userId":"@me", "items":[], "nao:trustLevel":0.5},{"guid":"31689268-7d41-43c1-8f42-62b649119bcb", "type":"person", "lastModified":1340935311073, "name":"TestName", "imageUrl":"http://lorempixel.com/200/200/people/4/", "userId":"@me", "items":[], "nao:trustLevel":0.5}]}}}
Jun 29, 2012 4:04:00 AM sit.web.HTTPParser getHeaderAndBody
FINE: httpCommand:GET
Jun 29, 2012 4:04:00 AM sit.web.WebWorker handleClient
FINE: found service:dime-communications/push/5b223cde-07e5-4987-b531-231876fa7601/@comet
Jun 29, 2012 4:04:00 AM sit.web.WebWorker printDynamicPage
FINE: content:
{"response":{"meta":{"v":"0.9", "status":"ok", "code":200, "timeRef":1340935440905, "msg":""}, "data":{"startIndex":0, "itemsPerPage":1, "totalResults":1, "entry":[{"guid":"865e211f-2dd7-458f-bca3-a8ee656f3ea7", "type":"notification", "lastModified":1340935412856, "name":"TestName", "imageUrl":"http://lorempixel.com/200/200/abstract/5/", "userId":"@me", "items":[], "SAIdSender":"", "operation":"", "element":{"guid":"", "name":"", "type":"", "userId":""}, "sentTo":[], "nao:includes":[], "nao:excludes":[]}]}}}
Jun 29, 2012 4:04:01 AM sit.web.HTTPParser getHeaderAndBody
FINE: httpCommand:GET
Jun 29, 2012 4:04:01 AM sit.web.WebWorker handleClient
FINE: found service:dime-communications/push/5b223cde-07e5-4987-b531-231876fa7601/@comet
Jun 29, 2012 4:04:01 AM sit.web.WebWorker printDynamicPage
FINE: content:
{"response":{"meta":{"v":"0.9", "status":"ok", "code":200, "timeRef":1340935441263, "msg":""}, "data":{"startIndex":0, "itemsPerPage":1, "totalResults":1, "entry":[{"guid":"c60c0674-07e3-4426-b8cb-cc5300cf3d60", "type":"notification", "lastModified":1340935422947, "name":"TestName", "imageUrl":"http://lorempixel.com/200/200/abstract/1/", "userId":"@me", "items":[], "SAIdSender":"", "operation":"", "element":{"guid":"", "name":"", "type":"", "userId":""}, "sentTo":[], "nao:includes":[], "nao:excludes":[]}]}}}
Jun 29, 2012 4:04:01 AM sit.web.HTTPParser getHeaderAndBody
FINE: httpCommand:GET
Jun 29, 2012 4:04:01 AM sit.web.WebWorker handleClient
FINE: found service:dime-communications/push/5b223cde-07e5-4987-b531-231876fa7601/@comet
Jun 29, 2012 4:04:01 AM sit.web.WebWorker printDynamicPage
FINE: content:
{"response":{"meta":{"v":"0.9", "status":"ok", "code":200, "timeRef":1340935441636, "msg":""}, "data":{"startIndex":0, "itemsPerPage":1, "totalResults":1, "entry":[{"guid":"d55e32ef-08dc-444e-acb7-7094d829f88c", "type":"notification", "lastModified":1340935433129, "name":"TestName", "imageUrl":"http://lorempixel.com/200/200/abstract/3/", "userId":"@me", "items":[], "SAIdSender":"", "operation":"", "element":{"guid":"", "name":"", "type":"", "userId":""}, "sentTo":[], "nao:includes":[], "nao:excludes":[]}]}}}
Jun 29, 2012 4:04:02 AM sit.web.HTTPParser getHeaderAndBody
FINE: httpCommand:GET
Jun 29, 2012 4:04:02 AM sit.web.WebWorker handleClient
FINE: found service:dime-communications/push/5b223cde-07e5-4987-b531-231876fa7601/@comet
Jun 29, 2012 4:04:03 AM eu.dime.model.storage.DimeMemory createItem
FINE: create item:11083465-3281-403b-9651-773f5a62381d
Jun 29, 2012 4:04:03 AM sit.web.WebWorker printDynamicPage
FINE: content:
{"response":{"meta":{"v":"0.9", "status":"ok", "code":200, "timeRef":1340935443426, "msg":""}, "data":{"startIndex":0, "itemsPerPage":1, "totalResults":1, "entry":[{"guid":"11083465-3281-403b-9651-773f5a62381d", "type":"notification", "lastModified":1340935443221, "name":"TestName", "imageUrl":"http://lorempixel.com/200/200/abstract/1/", "userId":"@me", "items":[], "SAIdSender":"", "operation":"", "element":{"guid":"", "name":"", "type":"", "userId":""}, "sentTo":[], "nao:includes":[], "nao:excludes":[]}]}}}
Jun 29, 2012 4:04:03 AM sit.web.HTTPParser getHeaderAndBody
FINE: httpCommand:GET
Jun 29, 2012 4:04:03 AM sit.web.WebWorker handleClient
FINE: found service:dime-communications/push/5b223cde-07e5-4987-b531-231876fa7601/@comet
Jun 29, 2012 4:04:13 AM eu.dime.model.storage.DimeMemory createItem
FINE: create item:de484fc9-99d9-4e86-a1ea-979ef64fe35f
Jun 29, 2012 4:04:13 AM sit.web.WebWorker printDynamicPage
FINE: content:
{"response":{"meta":{"v":"0.9", "status":"ok", "code":200, "timeRef":1340935453679, "msg":""}, "data":{"startIndex":0, "itemsPerPage":1, "totalResults":1, "entry":[{"guid":"de484fc9-99d9-4e86-a1ea-979ef64fe35f", "type":"notification", "lastModified":1340935453402, "name":"TestName", "imageUrl":"http://lorempixel.com/200/200/abstract/7/", "userId":"@me", "items":[], "SAIdSender":"", "operation":"", "element":{"guid":"", "name":"", "type":"", "userId":""}, "sentTo":[], "nao:includes":[], "nao:excludes":[]}]}}}
Jun 29, 2012 4:04:14 AM sit.web.HTTPParser getHeaderAndBody
FINE: httpCommand:GET
Jun 29, 2012 4:04:14 AM sit.web.WebWorker handleClient
FINE: found service:dime-communications/push/5b223cde-07e5-4987-b531-231876fa7601/@comet
Jun 29, 2012 4:04:14 AM sit.web.HTTPParser getHeaderAndBody
FINE: httpCommand:POST
Jun 29, 2012 4:04:14 AM sit.web.HTTPParser getHeaderAndBody
FINE: contentLength:null(9223372036854775807)
Jun 29, 2012 4:04:15 AM sit.web.HTTPParser proceedToRead
WARNING: connection timed out!
Jun 29, 2012 4:04:15 AM sit.web.HTTPParser getHeaderAndBody
FINE: read 0 body data
Jun 29, 2012 4:04:15 AM sit.web.WebWorker handleClient
FINE: found service:dime-communications/api/dime/rest/5b223cde-07e5-4987-b531-231876fa7601/person/@me/
Jun 29, 2012 4:04:15 AM eu.dime.simpleps.api.HandleSingleItemService handleCall
INFO: handling single call:
POST dime-communications/api/dime/rest/5b223cde-07e5-4987-b531-231876fa7601/person/@me/
Header:
User-Agent: Dalvik/1.2.0 (Linux; U; Android 2.2; sdk Build/FRF91)
content-type: application/json; charset=UTF-8
host: 192.168.1.44
content-length: 401
POST /dime-communications/api/dime/rest/5b223cde-07e5-4987-b531-231876fa7601/person/@me/ HTTP/1.1
Connection: Keep-Alive





Jun 29, 2012 4:04:15 AM eu.dime.simpleps.api.HandleSingleItemService logExceptionAndPrepareErrorMessage
SEVERE: Server Error: curC>text.length() - reached end of text when looking for }
key:root
text:
:
sit.json.JSONParser.getNextObject(JSONParser.java:82)
sit.json.JSONParser.parseJSON(JSONParser.java:186)
eu.dime.simpleps.api.HandleSingleItemService.handleCall(HandleSingleItemService.java:87)
sit.web.WebWorker.handleClient(WebWorker.java:158)
sit.web.WebWorker.run(WebWorker.java:71)
java.lang.Thread.run(Thread.java:722)

Jun 29, 2012 4:04:15 AM sit.web.WebWorker printDynamicPage
FINE: content:
{"response":{"meta":{"v":"0.9", "status":"error", "code":200, "timeRef":1340935455045, "msg":"Error when accessing dime-communications/api/dime/rest/5b223cde-07e5-4987-b531-231876fa7601/person/@me/ (person) Message: Server Error: curC>text.length() - reached end of text when looking for }\u000Akey:root\u000Atext:\u000A:\u000Asit.json.JSONParser.getNextObject(JSONParser.java:82)\u000Asit.json.JSONParser.parseJSON(JSONParser.java:186)\u000Aeu.dime.simpleps.api.HandleSingleItemService.handleCall(HandleSingleItemService.java:87)\u000Asit.web.WebWorker.handleClient(WebWorker.java:158)\u000Asit.web.WebWorker.run(WebWorker.java:71)\u000Ajava.lang.Thread.run(Thread.java:722)\u000A"}, "data":{"startIndex":0, "itemsPerPage":0, "totalResults":0, "entry":[]}}}
Jun 29, 2012 4:04:23 AM eu.dime.model.storage.DimeMemory createItem
FINE: create item:3c8e051a-adda-4fee-8258-b7a11f9d5492
Jun 29, 2012 4:04:23 AM sit.web.WebWorker printDynamicPage
FINE: content:
{"response":{"meta":{"v":"0.9", "status":"ok", "code":200, "timeRef":1340935463769, "msg":""}, "data":{"startIndex":0, "itemsPerPage":1, "totalResults":1, "entry":[{"guid":"3c8e051a-adda-4fee-8258-b7a11f9d5492", "type":"notification", "lastModified":1340935463583, "name":"TestName", "imageUrl":"http://lorempixel.com/200/200/abstract/3/", "userId":"@me", "items":[], "SAIdSender":"", "operation":"", "element":{"guid":"", "name":"", "type":"", "userId":""}, "sentTo":[], "nao:includes":[], "nao:excludes":[]}]}}}
Jun 29, 2012 4:04:33 AM eu.dime.model.storage.DimeMemory createItem
FINE: create item:891f872e-c2b2-48a5-ba7a-739d30b216e6
Jun 29, 2012 4:04:43 AM eu.dime.model.storage.DimeMemory createItem
FINE: create item:d3e04962-71a3-4060-b210-7e0bd21c74f1
Jun 29, 2012 4:04:53 AM eu.dime.model.storage.DimeMemory createItem
FINE: create item:df406bb4-3463-4e40-a3d2-64b18b2a24b0
Jun 29, 2012 4:05:04 AM eu.dime.model.storage.DimeMemory createItem
FINE: create item:f7c1d08e-bf68-487f-92fd-278570924802
Jun 29, 2012 4:05:08 AM sit.web.HTTPParser getHeaderAndBody
FINE: httpCommand:GET
Jun 29, 2012 4:05:08 AM sit.web.WebWorker handleClient
FINE: found service:dime-communications/push/5b223cde-07e5-4987-b531-231876fa7601/@comet
Jun 29, 2012 4:05:08 AM sit.web.HTTPParser getHeaderAndBody
FINE: httpCommand:GET
Jun 29, 2012 4:05:08 AM sit.web.WebWorker printDynamicPage
FINE: content:
{"response":{"meta":{"v":"0.9", "status":"ok", "code":200, "timeRef":1340935508794, "msg":""}, "data":{"startIndex":0, "itemsPerPage":1, "totalResults":1, "entry":[{"guid":"891f872e-c2b2-48a5-ba7a-739d30b216e6", "type":"notification", "lastModified":1340935473675, "name":"TestName", "imageUrl":"http://lorempixel.com/200/200/abstract/1/", "userId":"@me", "items":[], "SAIdSender":"", "operation":"", "element":{"guid":"", "name":"", "type":"", "userId":""}, "sentTo":[], "nao:includes":[], "nao:excludes":[]}]}}}
Jun 29, 2012 4:05:08 AM sit.web.WebWorker handleClient
FINE: found service:dime-communications/api/dime/rest/5b223cde-07e5-4987-b531-231876fa7601/system/ping
Jun 29, 2012 4:05:08 AM eu.dime.simpleps.api.HandlePingService handleCall
FINE: received ping
Jun 29, 2012 4:05:08 AM sit.web.WebWorker printDynamicPage
FINE: content:
pong.
Jun 29, 2012 4:05:09 AM sit.web.HTTPParser getHeaderAndBody
FINE: httpCommand:GET
Jun 29, 2012 4:05:09 AM sit.web.WebWorker handleClient
FINE: found service:dime-communications/push/5b223cde-07e5-4987-b531-231876fa7601/@comet
Jun 29, 2012 4:05:09 AM sit.web.WebWorker printDynamicPage
FINE: content:
{"response":{"meta":{"v":"0.9", "status":"ok", "code":200, "timeRef":1340935509227, "msg":""}, "data":{"startIndex":0, "itemsPerPage":1, "totalResults":1, "entry":[{"guid":"d3e04962-71a3-4060-b210-7e0bd21c74f1", "type":"notification", "lastModified":1340935483856, "name":"TestName", "imageUrl":"http://lorempixel.com/200/200/abstract/6/", "userId":"@me", "items":[], "SAIdSender":"", "operation":"", "element":{"guid":"", "name":"", "type":"", "userId":""}, "sentTo":[], "nao:includes":[], "nao:excludes":[]}]}}}
Jun 29, 2012 4:05:09 AM sit.web.HTTPParser getHeaderAndBody
FINE: httpCommand:GET
Jun 29, 2012 4:05:09 AM sit.web.WebWorker handleClient
FINE: found service:dime-communications/api/dime/rest/5b223cde-07e5-4987-b531-231876fa7601/person/@me/@all
Jun 29, 2012 4:05:09 AM eu.dime.simpleps.api.HandleCollectionItemService handleCall
INFO: handle collection call:
GET dime-communications/api/dime/rest/5b223cde-07e5-4987-b531-231876fa7601/person/@me/@all
Header:
GET /dime-communications/api/dime/rest/5b223cde-07e5-4987-b531-231876fa7601/person/@me/@all HTTP/1.1
User-Agent: Dalvik/1.2.0 (Linux; U; Android 2.2; sdk Build/FRF91)
content-type: application/json; charset=UTF-8
host: 192.168.1.44
Connection: Keep-Alive


Jun 29, 2012 4:05:09 AM sit.web.WebWorker printDynamicPage
FINE: content:
{"response":{"meta":{"v":"0.9", "status":"ok", "code":200, "timeRef":1340935509273, "msg":""}, "data":{"startIndex":0, "itemsPerPage":5, "totalResults":5, "entry":[{"guid":"6fd280a5-6d66-40cb-a7b6-59ef6876ea6d", "type":"person", "lastModified":1340935311260, "name":"TestName", "imageUrl":"http://lorempixel.com/200/200/people/2/", "userId":"@me", "items":[], "nao:trustLevel":0.5},{"guid":"5e4d2760-e264-426b-8f6a-329df89a9bcc", "type":"person", "lastModified":1340935311443, "name":"TestName", "imageUrl":"http://lorempixel.com/200/200/people/2/", "userId":"@me", "items":[], "nao:trustLevel":0.5},{"guid":"0aab7a5e-9206-4301-85f7-da2281ef79d5", "type":"person", "lastModified":1340935311535, "name":"TestName", "imageUrl":"http://lorempixel.com/200/200/people/2/", "userId":"@me", "items":[], "nao:trustLevel":0.5},{"guid":"17132181-04c6-4cb9-a00e-ba04adb7a7a0", "type":"person", "lastModified":1340935311718, "name":"TestName", "imageUrl":"http://lorempixel.com/200/200/people/7/", "userId":"@me", "items":[], "nao:trustLevel":0.5},{"guid":"31689268-7d41-43c1-8f42-62b649119bcb", "type":"person", "lastModified":1340935311073, "name":"TestName", "imageUrl":"http://lorempixel.com/200/200/people/4/", "userId":"@me", "items":[], "nao:trustLevel":0.5}]}}}
Jun 29, 2012 4:05:09 AM sit.web.HTTPParser getHeaderAndBody
FINE: httpCommand:GET
Jun 29, 2012 4:05:09 AM sit.web.WebWorker handleClient
FINE: found service:dime-communications/push/5b223cde-07e5-4987-b531-231876fa7601/@comet
Jun 29, 2012 4:05:09 AM sit.web.WebWorker printDynamicPage
FINE: content:
{"response":{"meta":{"v":"0.9", "status":"ok", "code":200, "timeRef":1340935509858, "msg":""}, "data":{"startIndex":0, "itemsPerPage":1, "totalResults":1, "entry":[{"guid":"df406bb4-3463-4e40-a3d2-64b18b2a24b0", "type":"notification", "lastModified":1340935493948, "name":"TestName", "imageUrl":"http://lorempixel.com/200/200/abstract/2/", "userId":"@me", "items":[], "SAIdSender":"", "operation":"", "element":{"guid":"", "name":"", "type":"", "userId":""}, "sentTo":[], "nao:includes":[], "nao:excludes":[]}]}}}
Jun 29, 2012 4:05:10 AM sit.web.HTTPParser getHeaderAndBody
FINE: httpCommand:GET
Jun 29, 2012 4:05:10 AM sit.web.WebWorker handleClient
FINE: found service:dime-communications/push/5b223cde-07e5-4987-b531-231876fa7601/@comet
Jun 29, 2012 4:05:10 AM sit.web.WebWorker printDynamicPage
FINE: content:
{"response":{"meta":{"v":"0.9", "status":"ok", "code":200, "timeRef":1340935510155, "msg":""}, "data":{"startIndex":0, "itemsPerPage":1, "totalResults":1, "entry":[{"guid":"f7c1d08e-bf68-487f-92fd-278570924802", "type":"notification", "lastModified":1340935504129, "name":"TestName", "imageUrl":"http://lorempixel.com/200/200/abstract/1/", "userId":"@me", "items":[], "SAIdSender":"", "operation":"", "element":{"guid":"", "name":"", "type":"", "userId":""}, "sentTo":[], "nao:includes":[], "nao:excludes":[]}]}}}
Jun 29, 2012 4:05:10 AM sit.web.HTTPParser getHeaderAndBody
FINE: httpCommand:GET
Jun 29, 2012 4:05:10 AM sit.web.WebWorker handleClient
FINE: found service:dime-communications/push/5b223cde-07e5-4987-b531-231876fa7601/@comet
Jun 29, 2012 4:05:14 AM eu.dime.model.storage.DimeMemory createItem
FINE: create item:34071e30-8214-4b0a-968e-c1f72bb59a35
Jun 29, 2012 4:05:14 AM sit.web.WebWorker printDynamicPage
FINE: content:
{"response":{"meta":{"v":"0.9", "status":"ok", "code":200, "timeRef":1340935514484, "msg":""}, "data":{"startIndex":0, "itemsPerPage":1, "totalResults":1, "entry":[{"guid":"34071e30-8214-4b0a-968e-c1f72bb59a35", "type":"notification", "lastModified":1340935514220, "name":"TestName", "imageUrl":"http://lorempixel.com/200/200/abstract/3/", "userId":"@me", "items":[], "SAIdSender":"", "operation":"", "element":{"guid":"", "name":"", "type":"", "userId":""}, "sentTo":[], "nao:includes":[], "nao:excludes":[]}]}}}
Jun 29, 2012 4:05:14 AM sit.web.HTTPParser getHeaderAndBody
FINE: httpCommand:GET
Jun 29, 2012 4:05:14 AM sit.web.WebWorker handleClient
FINE: found service:dime-communications/push/5b223cde-07e5-4987-b531-231876fa7601/@comet
Jun 29, 2012 4:05:20 AM sit.web.HTTPParser getHeaderAndBody
FINE: httpCommand:GET
Jun 29, 2012 4:05:20 AM sit.web.WebWorker handleClient
FINE: found service:dime-communications/api/dime/rest/5b223cde-07e5-4987-b531-231876fa7601/group/@me/@all
Jun 29, 2012 4:05:20 AM eu.dime.simpleps.api.HandleCollectionItemService handleCall
INFO: handle collection call:
GET dime-communications/api/dime/rest/5b223cde-07e5-4987-b531-231876fa7601/group/@me/@all
Header:
GET /dime-communications/api/dime/rest/5b223cde-07e5-4987-b531-231876fa7601/group/@me/@all HTTP/1.1
User-Agent: Dalvik/1.2.0 (Linux; U; Android 2.2; sdk Build/FRF91)
content-type: application/json; charset=UTF-8
host: 192.168.1.44
Connection: Keep-Alive


Jun 29, 2012 4:05:20 AM sit.web.WebWorker printDynamicPage
FINE: content:
{"response":{"meta":{"v":"0.9", "status":"ok", "code":200, "timeRef":1340935520008, "msg":""}, "data":{"startIndex":0, "itemsPerPage":5, "totalResults":5, "entry":[{"guid":"546dd395-93fb-4552-8a41-d9035ac86a31", "type":"group", "lastModified":1340935319096, "name":"TestName", "imageUrl":"http://lorempixel.com/200/200/abstract/9/", "userId":"@me", "items":["6fd280a5-6d66-40cb-a7b6-59ef6876ea6d","5e4d2760-e264-426b-8f6a-329df89a9bcc","0aab7a5e-9206-4301-85f7-da2281ef79d5","17132181-04c6-4cb9-a00e-ba04adb7a7a0","31689268-7d41-43c1-8f42-62b649119bcb"], "nao:trustLevel":-1.0},{"guid":"46bb05c0-f7ba-4f4d-80ae-be225aaceab3", "type":"group", "lastModified":1340935318639, "name":"TestName", "imageUrl":"http://lorempixel.com/200/200/abstract/2/", "userId":"@me", "items":["6fd280a5-6d66-40cb-a7b6-59ef6876ea6d","5e4d2760-e264-426b-8f6a-329df89a9bcc","0aab7a5e-9206-4301-85f7-da2281ef79d5","17132181-04c6-4cb9-a00e-ba04adb7a7a0","31689268-7d41-43c1-8f42-62b649119bcb"], "nao:trustLevel":-1.0},{"guid":"3f5232bd-601c-4f91-b6da-3ebb84c72be2", "type":"group", "lastModified":1340935318914, "name":"TestName", "imageUrl":"http://lorempixel.com/200/200/abstract/9/", "userId":"@me", "items":["6fd280a5-6d66-40cb-a7b6-59ef6876ea6d","5e4d2760-e264-426b-8f6a-329df89a9bcc","0aab7a5e-9206-4301-85f7-da2281ef79d5","17132181-04c6-4cb9-a00e-ba04adb7a7a0","31689268-7d41-43c1-8f42-62b649119bcb"], "nao:trustLevel":-1.0},{"guid":"dda5c84f-90e8-4017-ac03-f6687b48d0b7", "type":"group", "lastModified":1340935319278, "name":"TestName", "imageUrl":"http://lorempixel.com/200/200/abstract/8/", "userId":"@me", "items":["6fd280a5-6d66-40cb-a7b6-59ef6876ea6d","5e4d2760-e264-426b-8f6a-329df89a9bcc","0aab7a5e-9206-4301-85f7-da2281ef79d5","17132181-04c6-4cb9-a00e-ba04adb7a7a0","31689268-7d41-43c1-8f42-62b649119bcb"], "nao:trustLevel":-1.0},{"guid":"47073a7f-d94b-4b17-9ab2-d0ba4f5aa782", "type":"group", "lastModified":1340935318821, "name":"TestName", "imageUrl":"http://lorempixel.com/200/200/abstract/7/", "userId":"@me", "items":["6fd280a5-6d66-40cb-a7b6-59ef6876ea6d","5e4d2760-e264-426b-8f6a-329df89a9bcc","0aab7a5e-9206-4301-85f7-da2281ef79d5","17132181-04c6-4cb9-a00e-ba04adb7a7a0","31689268-7d41-43c1-8f42-62b649119bcb"], "nao:trustLevel":-1.0}]}}}
Jun 29, 2012 4:05:24 AM eu.dime.model.storage.DimeMemory createItem
FINE: create item:581b9ec3-2caa-49d3-bf5c-9be94edfe46d
Jun 29, 2012 4:05:24 AM sit.web.WebWorker printDynamicPage
FINE: content:
{"response":{"meta":{"v":"0.9", "status":"ok", "code":200, "timeRef":1340935524649, "msg":""}, "data":{"startIndex":0, "itemsPerPage":1, "totalResults":1, "entry":[{"guid":"581b9ec3-2caa-49d3-bf5c-9be94edfe46d", "type":"notification", "lastModified":1340935524402, "name":"TestName", "imageUrl":"http://lorempixel.com/200/200/abstract/4/", "userId":"@me", "items":[], "SAIdSender":"", "operation":"", "element":{"guid":"", "name":"", "type":"", "userId":""}, "sentTo":[], "nao:includes":[], "nao:excludes":[]}]}}}
Jun 29, 2012 4:05:24 AM sit.web.HTTPParser getHeaderAndBody
FINE: httpCommand:GET
Jun 29, 2012 4:05:24 AM sit.web.WebWorker handleClient
FINE: found service:dime-communications/push/5b223cde-07e5-4987-b531-231876fa7601/@comet
Jun 29, 2012 4:05:34 AM eu.dime.model.storage.DimeMemory createItem
FINE: create item:539385e3-fb93-4b66-9d93-7366670b04ec
Jun 29, 2012 4:05:34 AM sit.web.WebWorker printDynamicPage
FINE: content:
{"response":{"meta":{"v":"0.9", "status":"ok", "code":200, "timeRef":1340935534748, "msg":""}, "data":{"startIndex":0, "itemsPerPage":1, "totalResults":1, "entry":[{"guid":"539385e3-fb93-4b66-9d93-7366670b04ec", "type":"notification", "lastModified":1340935534583, "name":"TestName", "imageUrl":"http://lorempixel.com/200/200/abstract/7/", "userId":"@me", "items":[], "SAIdSender":"", "operation":"", "element":{"guid":"", "name":"", "type":"", "userId":""}, "sentTo":[], "nao:includes":[], "nao:excludes":[]}]}}}
Jun 29, 2012 4:05:35 AM sit.web.HTTPParser getHeaderAndBody
FINE: httpCommand:GET
Jun 29, 2012 4:05:35 AM sit.web.WebWorker handleClient
FINE: found service:dime-communications/push/5b223cde-07e5-4987-b531-231876fa7601/@comet
Jun 29, 2012 4:05:44 AM eu.dime.model.storage.DimeMemory createItem
FINE: create item:cc080894-6d53-4a38-b138-1574e88fdeb8
Jun 29, 2012 4:05:44 AM sit.web.WebWorker printDynamicPage
FINE: content:
{"response":{"meta":{"v":"0.9", "status":"ok", "code":200, "timeRef":1340935544917, "msg":""}, "data":{"startIndex":0, "itemsPerPage":1, "totalResults":1, "entry":[{"guid":"cc080894-6d53-4a38-b138-1574e88fdeb8", "type":"notification", "lastModified":1340935544675, "name":"TestName", "imageUrl":"http://lorempixel.com/200/200/abstract/6/", "userId":"@me", "items":[], "SAIdSender":"", "operation":"", "element":{"guid":"", "name":"", "type":"", "userId":""}, "sentTo":[], "nao:includes":[], "nao:excludes":[]}]}}}
Jun 29, 2012 4:05:45 AM sit.web.HTTPParser getHeaderAndBody
FINE: httpCommand:GET
Jun 29, 2012 4:05:45 AM sit.web.WebWorker handleClient
FINE: found service:dime-communications/push/5b223cde-07e5-4987-b531-231876fa7601/@comet
Jun 29, 2012 4:05:54 AM eu.dime.model.storage.DimeMemory createItem
FINE: create item:a37c467c-c3fc-496b-9fd4-94fc4a0d0098
Jun 29, 2012 4:05:54 AM sit.web.WebWorker printDynamicPage
FINE: content:
{"response":{"meta":{"v":"0.9", "status":"ok", "code":200, "timeRef":1340935554985, "msg":""}, "data":{"startIndex":0, "itemsPerPage":1, "totalResults":1, "entry":[{"guid":"a37c467c-c3fc-496b-9fd4-94fc4a0d0098", "type":"notification", "lastModified":1340935554856, "name":"TestName", "imageUrl":"http://lorempixel.com/200/200/abstract/5/", "userId":"@me", "items":[], "SAIdSender":"", "operation":"", "element":{"guid":"", "name":"", "type":"", "userId":""}, "sentTo":[], "nao:includes":[], "nao:excludes":[]}]}}}
Jun 29, 2012 4:05:58 AM sit.web.HTTPParser getHeaderAndBody
FINE: httpCommand:GET
Jun 29, 2012 4:05:58 AM sit.web.WebWorker handleClient
FINE: found service:dime-communications/push/5b223cde-07e5-4987-b531-231876fa7601/@comet
Jun 29, 2012 4:05:58 AM sit.web.HTTPParser getHeaderAndBody
FINE: httpCommand:GET
Jun 29, 2012 4:05:58 AM sit.web.WebWorker handleClient
FINE: found service:dime-communications/api/dime/rest/5b223cde-07e5-4987-b531-231876fa7601/system/ping
Jun 29, 2012 4:05:58 AM eu.dime.simpleps.api.HandlePingService handleCall
FINE: received ping
Jun 29, 2012 4:05:58 AM sit.web.WebWorker printDynamicPage
FINE: content:
pong.
Jun 29, 2012 4:05:59 AM sit.web.HTTPParser getHeaderAndBody
FINE: httpCommand:GET
Jun 29, 2012 4:05:59 AM sit.web.WebWorker handleClient
FINE: found service:dime-communications/api/dime/rest/5b223cde-07e5-4987-b531-231876fa7601/person/@me/@all
Jun 29, 2012 4:05:59 AM eu.dime.simpleps.api.HandleCollectionItemService handleCall
INFO: handle collection call:
GET dime-communications/api/dime/rest/5b223cde-07e5-4987-b531-231876fa7601/person/@me/@all
Header:
GET /dime-communications/api/dime/rest/5b223cde-07e5-4987-b531-231876fa7601/person/@me/@all HTTP/1.1
User-Agent: Dalvik/1.2.0 (Linux; U; Android 2.2; sdk Build/FRF91)
content-type: application/json; charset=UTF-8
host: 192.168.1.44
Connection: Keep-Alive


Jun 29, 2012 4:05:59 AM sit.web.WebWorker printDynamicPage
FINE: content:
{"response":{"meta":{"v":"0.9", "status":"ok", "code":200, "timeRef":1340935559077, "msg":""}, "data":{"startIndex":0, "itemsPerPage":5, "totalResults":5, "entry":[{"guid":"6fd280a5-6d66-40cb-a7b6-59ef6876ea6d", "type":"person", "lastModified":1340935311260, "name":"TestName", "imageUrl":"http://lorempixel.com/200/200/people/2/", "userId":"@me", "items":[], "nao:trustLevel":0.5},{"guid":"5e4d2760-e264-426b-8f6a-329df89a9bcc", "type":"person", "lastModified":1340935311443, "name":"TestName", "imageUrl":"http://lorempixel.com/200/200/people/2/", "userId":"@me", "items":[], "nao:trustLevel":0.5},{"guid":"0aab7a5e-9206-4301-85f7-da2281ef79d5", "type":"person", "lastModified":1340935311535, "name":"TestName", "imageUrl":"http://lorempixel.com/200/200/people/2/", "userId":"@me", "items":[], "nao:trustLevel":0.5},{"guid":"17132181-04c6-4cb9-a00e-ba04adb7a7a0", "type":"person", "lastModified":1340935311718, "name":"TestName", "imageUrl":"http://lorempixel.com/200/200/people/7/", "userId":"@me", "items":[], "nao:trustLevel":0.5},{"guid":"31689268-7d41-43c1-8f42-62b649119bcb", "type":"person", "lastModified":1340935311073, "name":"TestName", "imageUrl":"http://lorempixel.com/200/200/people/4/", "userId":"@me", "items":[], "nao:trustLevel":0.5}]}}}
Jun 29, 2012 4:06:04 AM eu.dime.model.storage.DimeMemory createItem
FINE: create item:049d39e6-d5ad-4561-9a67-8e2f1a7c278f
Jun 29, 2012 4:06:05 AM sit.web.WebWorker printDynamicPage
FINE: content:
{"response":{"meta":{"v":"0.9", "status":"ok", "code":200, "timeRef":1340935565208, "msg":""}, "data":{"startIndex":0, "itemsPerPage":1, "totalResults":1, "entry":[{"guid":"049d39e6-d5ad-4561-9a67-8e2f1a7c278f", "type":"notification", "lastModified":1340935564947, "name":"TestName", "imageUrl":"http://lorempixel.com/200/200/abstract/4/", "userId":"@me", "items":[], "SAIdSender":"", "operation":"", "element":{"guid":"", "name":"", "type":"", "userId":""}, "sentTo":[], "nao:includes":[], "nao:excludes":[]}]}}}
Jun 29, 2012 4:06:05 AM sit.web.HTTPParser getHeaderAndBody
FINE: httpCommand:GET
Jun 29, 2012 4:06:05 AM sit.web.WebWorker handleClient
FINE: found service:dime-communications/push/5b223cde-07e5-4987-b531-231876fa7601/@comet
Jun 29, 2012 4:06:15 AM eu.dime.model.storage.DimeMemory createItem
FINE: create item:193de7e8-d2d2-41cd-87f8-bc95f1977cfd
Jun 29, 2012 4:06:15 AM sit.web.WebWorker printDynamicPage
FINE: content:
{"response":{"meta":{"v":"0.9", "status":"ok", "code":200, "timeRef":1340935575266, "msg":""}, "data":{"startIndex":0, "itemsPerPage":1, "totalResults":1, "entry":[{"guid":"193de7e8-d2d2-41cd-87f8-bc95f1977cfd", "type":"notification", "lastModified":1340935575128, "name":"TestName", "imageUrl":"http://lorempixel.com/200/200/abstract/6/", "userId":"@me", "items":[], "SAIdSender":"", "operation":"", "element":{"guid":"", "name":"", "type":"", "userId":""}, "sentTo":[], "nao:includes":[], "nao:excludes":[]}]}}}
Jun 29, 2012 4:06:15 AM sit.web.HTTPParser getHeaderAndBody
FINE: httpCommand:GET
Jun 29, 2012 4:06:15 AM sit.web.WebWorker handleClient
FINE: found service:dime-communications/push/5b223cde-07e5-4987-b531-231876fa7601/@comet
Jun 29, 2012 4:06:25 AM eu.dime.model.storage.DimeMemory createItem
FINE: create item:707805bd-3b00-4b94-aff6-7af0d1953cb6
Jun 29, 2012 4:06:25 AM sit.web.WebWorker printDynamicPage
FINE: content:
{"response":{"meta":{"v":"0.9", "status":"ok", "code":200, "timeRef":1340935585426, "msg":""}, "data":{"startIndex":0, "itemsPerPage":1, "totalResults":1, "entry":[{"guid":"707805bd-3b00-4b94-aff6-7af0d1953cb6", "type":"notification", "lastModified":1340935585220, "name":"TestName", "imageUrl":"http://lorempixel.com/200/200/abstract/6/", "userId":"@me", "items":[], "SAIdSender":"", "operation":"", "element":{"guid":"", "name":"", "type":"", "userId":""}, "sentTo":[], "nao:includes":[], "nao:excludes":[]}]}}}
